<?xml version="1.0" encoding="UTF-8"?>
<!-- Generated by org.testng.reporters.JUnitXMLReporter -->
<testsuite ignored="0" hostname="WIN-LAP-057" failures="8" tests="44" name="Login Test Cases" time="746.87" errors="0" timestamp="2025-06-26T10:08:04 IST">
  <testcase classname="FO.Login" name="testloginpage" time="0.416"/>
  <testcase classname="FO.Login" name="testnegativelogin" time="0.362"/>
  <testcase classname="FO.Login" name="testnegativepassword" time="2.919"/>
  <testcase classname="FO.Login" name="testnegativeuserid" time="0.548"/>
  <testcase classname="FO.Login" name="testpositivepassword" time="0.73"/>
  <testcase classname="FO.Login" name="testpositiveuserid" time="0.615"/>
  <testcase classname="FO.Reservation" name="Test_Sucessfull_Login" time="4.652"/>
  <testcase classname="FO.Reservation" name="Test_Registration_page" time="2.817"/>
  <testcase classname="FO.Reservation" name="test_create_reservation_new_mode_mandatory_fields_TC_RS_01" time="7.209"/>
  <testcase classname="FO.Reservation" name="test_open_and_amend_saved_reservation_TC_RS_02" time="28.786"/>
  <testcase classname="FO.Reservation" name="test_verify_updated_details_open_mode_TC_RS_03" time="25.693"/>
  <testcase classname="FO.Reservation" name="test_cancel_reservation_with_reason_TC_RS_04" time="17.116"/>
  <testcase classname="FO.Reservation" name="test_verify_cancelled_reservation_visibility_TC_RS_05" time="44.979"/>
  <testcase classname="FO.Reservation" name="test_create_addon_reservation_from_existing_TC_RS_06" time="8.678"/>
  <testcase classname="FO.Reservation" name="test_verify_reservation_view_mode_TC_RS_11" time="16.242"/>
  <testcase classname="FO.Reservation" name="test_reinstate_cancelled_reservation_TC_RS_08" time="55.517"/>
  <testcase classname="FO.Reservation" name="test_addon_reservation_after_account_date_TC_RS_10" time="20.163"/>
  <testcase classname="FO.Reservation" name="test_split_reservation_multiple_rooms_TC_RS_07" time="9.916"/>
  <testcase classname="FO.Reservation" name="test_ledger_transactions_modify_open_mode_TC_RS_12" time="36.11">
    <failure type="org.openqa.selenium.ElementClickInterceptedException" message="element click intercepted: Element &amp;lt;span style=&amp;quot;right:2px;height:22px;padding-top:2px;&amp;quot; class=&amp;quot;webix_input_icon wxi-search&amp;quot;&amp;gt;&amp;lt;/span&amp;gt; is not clickable at point (364, 132). Other element would receive the click: &amp;lt;div class=&amp;quot;webix_modal&amp;quot; style=&amp;quot;z-index: 100;&amp;quot;&amp;gt;&amp;lt;/div&amp;gt;
  (Session info: chrome=137.0.7151.122)
Build info: version: &amp;apos;4.33.0&amp;apos;, revision: &amp;apos;2c6aaad03a&amp;apos;
System info: os.name: &amp;apos;Windows 10&amp;apos;, os.arch: &amp;apos;amd64&amp;apos;, os.version: &amp;apos;10.0&amp;apos;, java.version: &amp;apos;21.0.7&amp;apos;
Driver info: org.openqa.selenium.chrome.ChromeDriver
Command: [b30c0b16e5ef8bf3d6af3d75e0abd398, clickElement {id=f.8BA8D96C3B897D3876193EDA7B8D9F69.d.A529EC0C428CCEC4B4D595C04E5B6EB6.e.3710}]
Capabilities {acceptInsecureCerts: false, browserName: chrome, browserVersion: 137.0.7151.122, chrome: {chromedriverVersion: 137.0.7151.68 (2989ffee9373..., userDataDir: C:\Users\Jeeva\AppData\Loca...}, fedcm:accounts: true, goog:chromeOptions: {debuggerAddress: localhost:55177}, networkConnectionEnabled: false, pageLoadStrategy: normal, platformName: windows, proxy: Proxy(), se:cdp: ws://localhost:55177/devtoo..., se:cdpVersion: 137.0.7151.122, setWindowRect: true, strictFileInteractability: false, timeouts: {implicit: 0, pageLoad: 300000, script: 30000}, unhandledPromptBehavior: dismiss and notify, webauthn:extension:credBlob: true, webauthn:extension:largeBlob: true, webauthn:extension:minPinLength: true, webauthn:extension:prf: true, webauthn:virtualAuthenticators: true}
Element: [[ChromeDriver: chrome on windows (b30c0b16e5ef8bf3d6af3d75e0abd398)] -&amp;gt; xpath: /html/body/div[3]/div/div/div[2]/div/div/div/div/div/div/div[1]/div[1]/div[2]/div/div[2]/div/div[1]/div/span]
Session ID: b30c0b16e5ef8bf3d6af3d75e0abd398">
      <![CDATA[org.openqa.selenium.ElementClickInterceptedException: element click intercepted: Element <span style="right:2px;height:22px;padding-top:2px;" class="webix_input_icon wxi-search"></span> is not clickable at point (364, 132). Other element would receive the click: <div class="webix_modal" style="z-index: 100;"></div>
  (Session info: chrome=137.0.7151.122)
Build info: version: '4.33.0', revision: '2c6aaad03a'
System info: os.name: 'Windows 10', os.arch: 'amd64', os.version: '10.0', java.version: '21.0.7'
Driver info: org.openqa.selenium.chrome.ChromeDriver
Command: [b30c0b16e5ef8bf3d6af3d75e0abd398, clickElement {id=f.8BA8D96C3B897D3876193EDA7B8D9F69.d.A529EC0C428CCEC4B4D595C04E5B6EB6.e.3710}]
Capabilities {acceptInsecureCerts: false, browserName: chrome, browserVersion: 137.0.7151.122, chrome: {chromedriverVersion: 137.0.7151.68 (2989ffee9373..., userDataDir: C:\Users\Jeeva\AppData\Loca...}, fedcm:accounts: true, goog:chromeOptions: {debuggerAddress: localhost:55177}, networkConnectionEnabled: false, pageLoadStrategy: normal, platformName: windows, proxy: Proxy(), se:cdp: ws://localhost:55177/devtoo..., se:cdpVersion: 137.0.7151.122, setWindowRect: true, strictFileInteractability: false, timeouts: {implicit: 0, pageLoad: 300000, script: 30000}, unhandledPromptBehavior: dismiss and notify, webauthn:extension:credBlob: true, webauthn:extension:largeBlob: true, webauthn:extension:minPinLength: true, webauthn:extension:prf: true, webauthn:virtualAuthenticators: true}
Element: [[ChromeDriver: chrome on windows (b30c0b16e5ef8bf3d6af3d75e0abd398)] -> xpath: /html/body/div[3]/div/div/div[2]/div/div/div/div/div/div/div[1]/div[1]/div[2]/div/div[2]/div/div[1]/div/span]
Session ID: b30c0b16e5ef8bf3d6af3d75e0abd398
at org.openqa.selenium.remote.ErrorCodec.decode(ErrorCodec.java:167)
at org.openqa.selenium.remote.codec.w3c.W3CHttpResponseCodec.decode(W3CHttpResponseCodec.java:138)
at org.openqa.selenium.remote.codec.w3c.W3CHttpResponseCodec.decode(W3CHttpResponseCodec.java:50)
at org.openqa.selenium.remote.HttpCommandExecutor.execute(HttpCommandExecutor.java:215)
at org.openqa.selenium.remote.service.DriverCommandExecutor.invokeExecute(DriverCommandExecutor.java:216)
at org.openqa.selenium.remote.service.DriverCommandExecutor.execute(DriverCommandExecutor.java:174)
at org.openqa.selenium.remote.RemoteWebDriver.execute(RemoteWebDriver.java:544)
at org.openqa.selenium.remote.RemoteWebElement.execute(RemoteWebElement.java:223)
at org.openqa.selenium.remote.RemoteWebElement.click(RemoteWebElement.java:76)
at FO.Reservation.test_ledger_transactions_modify_open_mode_TC_RS_12(Reservation.java:1371)
at java.base/java.util.ArrayList.forEach(ArrayList.java:1596)
... Removed 28 stack frames]]>
    </failure>
  </testcase> <!-- test_ledger_transactions_modify_open_mode_TC_RS_12 -->
  <testcase classname="FO.Reservation" name="test_ledger_transactions_modify_open_mode_TC_RS_12_Advance" time="30.194"/>
  <testcase classname="FO.Reservation_checkIN" name="Test_Sucessfull_Login" time="5.487"/>
  <testcase classname="FO.Reservation_checkIN" name="test_checkin_allowed_on_matching_arrival_and_account_date_TC_CI_01" time="34.059"/>
  <testcase classname="FO.Reservation_checkIN" name="test_perform_checkin_on_matching_dates_TC_CI_02" time="18.167"/>
  <testcase classname="FO.Reservation_checkIN" name="test_verify_registration_card_and_email_after_checkin_TC_CI_04" time="20.342"/>
  <testcase classname="FO.Reservation_checkIN" name="test_create_walkin_reservation_and_checkin_TC_WI_01" time="9.693"/>
  <testcase classname="FO.Reservation_checkIN" name="test_print_registration_card_with_filters_TC_RC_01" time="35.57"/>
  <testcase classname="FO.Advance_distribution" name="Test_Sucessfull_Login" time="3.313">
    <failure type="org.openqa.selenium.StaleElementReferenceException" message="stale element reference: stale element not found
  (Session info: chrome=137.0.7151.122)
For documentation on this error, please visit: https://www.selenium.dev/documentation/webdriver/troubleshooting/errors#stale-element-reference-exception
Build info: version: &amp;apos;4.33.0&amp;apos;, revision: &amp;apos;2c6aaad03a&amp;apos;
System info: os.name: &amp;apos;Windows 10&amp;apos;, os.arch: &amp;apos;amd64&amp;apos;, os.version: &amp;apos;10.0&amp;apos;, java.version: &amp;apos;21.0.7&amp;apos;
Driver info: org.openqa.selenium.chrome.ChromeDriver
Command: [caa7443df75543452536016e90fd7f35, sendKeysToElement {value=[Ljava.lang.CharSequence;@24afdf18, id=f.4BC404FDFFD38EABED11D34B1BE3C212.d.61A6B22B6AB564E211CC6EC0D06B688E.e.46}]
Capabilities {acceptInsecureCerts: false, browserName: chrome, browserVersion: 137.0.7151.122, chrome: {chromedriverVersion: 137.0.7151.68 (2989ffee9373..., userDataDir: C:\Users\Jeeva\AppData\Loca...}, fedcm:accounts: true, goog:chromeOptions: {debuggerAddress: localhost:55725}, networkConnectionEnabled: false, pageLoadStrategy: normal, platformName: windows, proxy: Proxy(), se:cdp: ws://localhost:55725/devtoo..., se:cdpVersion: 137.0.7151.122, setWindowRect: true, strictFileInteractability: false, timeouts: {implicit: 0, pageLoad: 300000, script: 30000}, unhandledPromptBehavior: dismiss and notify, webauthn:extension:credBlob: true, webauthn:extension:largeBlob: true, webauthn:extension:minPinLength: true, webauthn:extension:prf: true, webauthn:virtualAuthenticators: true}
Element: [[ChromeDriver: chrome on windows (caa7443df75543452536016e90fd7f35)] -&amp;gt; id: Password]
Session ID: caa7443df75543452536016e90fd7f35">
      <![CDATA[org.openqa.selenium.StaleElementReferenceException: stale element reference: stale element not found
  (Session info: chrome=137.0.7151.122)
For documentation on this error, please visit: https://www.selenium.dev/documentation/webdriver/troubleshooting/errors#stale-element-reference-exception
Build info: version: '4.33.0', revision: '2c6aaad03a'
System info: os.name: 'Windows 10', os.arch: 'amd64', os.version: '10.0', java.version: '21.0.7'
Driver info: org.openqa.selenium.chrome.ChromeDriver
Command: [caa7443df75543452536016e90fd7f35, sendKeysToElement {value=[Ljava.lang.CharSequence;@24afdf18, id=f.4BC404FDFFD38EABED11D34B1BE3C212.d.61A6B22B6AB564E211CC6EC0D06B688E.e.46}]
Capabilities {acceptInsecureCerts: false, browserName: chrome, browserVersion: 137.0.7151.122, chrome: {chromedriverVersion: 137.0.7151.68 (2989ffee9373..., userDataDir: C:\Users\Jeeva\AppData\Loca...}, fedcm:accounts: true, goog:chromeOptions: {debuggerAddress: localhost:55725}, networkConnectionEnabled: false, pageLoadStrategy: normal, platformName: windows, proxy: Proxy(), se:cdp: ws://localhost:55725/devtoo..., se:cdpVersion: 137.0.7151.122, setWindowRect: true, strictFileInteractability: false, timeouts: {implicit: 0, pageLoad: 300000, script: 30000}, unhandledPromptBehavior: dismiss and notify, webauthn:extension:credBlob: true, webauthn:extension:largeBlob: true, webauthn:extension:minPinLength: true, webauthn:extension:prf: true, webauthn:virtualAuthenticators: true}
Element: [[ChromeDriver: chrome on windows (caa7443df75543452536016e90fd7f35)] -> id: Password]
Session ID: caa7443df75543452536016e90fd7f35
at org.openqa.selenium.remote.ErrorCodec.decode(ErrorCodec.java:167)
at org.openqa.selenium.remote.codec.w3c.W3CHttpResponseCodec.decode(W3CHttpResponseCodec.java:138)
at org.openqa.selenium.remote.codec.w3c.W3CHttpResponseCodec.decode(W3CHttpResponseCodec.java:50)
at org.openqa.selenium.remote.HttpCommandExecutor.execute(HttpCommandExecutor.java:215)
at org.openqa.selenium.remote.service.DriverCommandExecutor.invokeExecute(DriverCommandExecutor.java:216)
at org.openqa.selenium.remote.service.DriverCommandExecutor.execute(DriverCommandExecutor.java:174)
at org.openqa.selenium.remote.RemoteWebDriver.execute(RemoteWebDriver.java:544)
at org.openqa.selenium.remote.RemoteWebElement.execute(RemoteWebElement.java:223)
at org.openqa.selenium.remote.RemoteWebElement.sendKeys(RemoteWebElement.java:110)
at FO.Advance_distribution.Test_Sucessfull_Login(Advance_distribution.java:158)
at java.base/java.util.ArrayList.forEach(ArrayList.java:1596)
... Removed 28 stack frames]]>
    </failure>
  </testcase> <!-- Test_Sucessfull_Login -->
  <testcase classname="FO.Advance_distribution" name="test_select_advance_type_and_reservation_room_TC_AD_01_Reservation" time="0.0">
    <skipped/>
  </testcase> <!-- test_select_advance_type_and_reservation_room_TC_AD_01_Reservation -->
  <testcase classname="FO.Advance_distribution" name="test_select_advance_type_and_reservation_room_TC_AD_01_CheckIN" time="0.0">
    <skipped/>
  </testcase> <!-- test_select_advance_type_and_reservation_room_TC_AD_01_CheckIN -->
  <testcase classname="FO.Room_assignment" name="Test_Sucessfull_Login" time="5.402"/>
  <testcase classname="FO.Room_assignment" name="test_view_records_needing_room_assignment_by_date_TC_RA_01" time="4.535">
    <failure type="org.openqa.selenium.ElementClickInterceptedException" message="element click intercepted: Element &amp;lt;span role=&amp;quot;button&amp;quot; tabindex=&amp;quot;0&amp;quot; class=&amp;quot;webix_cal_icon_today webix_cal_icon&amp;quot;&amp;gt;...&amp;lt;/span&amp;gt; is not clickable at point (516, 333). Other element would receive the click: &amp;lt;span aria-hidden=&amp;quot;true&amp;quot; class=&amp;quot;webix_cal_day_inner&amp;quot; style=&amp;quot;display:inline-block; width:27px; height:27px; line-height:27px;&amp;quot;&amp;gt;...&amp;lt;/span&amp;gt;
  (Session info: chrome=137.0.7151.122)
Build info: version: &amp;apos;4.33.0&amp;apos;, revision: &amp;apos;2c6aaad03a&amp;apos;
System info: os.name: &amp;apos;Windows 10&amp;apos;, os.arch: &amp;apos;amd64&amp;apos;, os.version: &amp;apos;10.0&amp;apos;, java.version: &amp;apos;21.0.7&amp;apos;
Driver info: org.openqa.selenium.chrome.ChromeDriver
Command: [e3edb7eca11e0045b224ff248ee77221, clickElement {id=f.B4540B29B67BC03F6E2CF80C95AF793A.d.E5735126A006B672B37BBCABECC30DDE.e.253}]
Capabilities {acceptInsecureCerts: false, browserName: chrome, browserVersion: 137.0.7151.122, chrome: {chromedriverVersion: 137.0.7151.68 (2989ffee9373..., userDataDir: C:\Users\Jeeva\AppData\Loca...}, fedcm:accounts: true, goog:chromeOptions: {debuggerAddress: localhost:55781}, networkConnectionEnabled: false, pageLoadStrategy: normal, platformName: windows, proxy: Proxy(), se:cdp: ws://localhost:55781/devtoo..., se:cdpVersion: 137.0.7151.122, setWindowRect: true, strictFileInteractability: false, timeouts: {implicit: 0, pageLoad: 300000, script: 30000}, unhandledPromptBehavior: dismiss and notify, webauthn:extension:credBlob: true, webauthn:extension:largeBlob: true, webauthn:extension:minPinLength: true, webauthn:extension:prf: true, webauthn:virtualAuthenticators: true}
Element: [[ChromeDriver: chrome on windows (e3edb7eca11e0045b224ff248ee77221)] -&amp;gt; xpath: //span[text()=&amp;quot;Today&amp;quot;]]
Session ID: e3edb7eca11e0045b224ff248ee77221">
      <![CDATA[org.openqa.selenium.ElementClickInterceptedException: element click intercepted: Element <span role="button" tabindex="0" class="webix_cal_icon_today webix_cal_icon">...</span> is not clickable at point (516, 333). Other element would receive the click: <span aria-hidden="true" class="webix_cal_day_inner" style="display:inline-block; width:27px; height:27px; line-height:27px;">...</span>
  (Session info: chrome=137.0.7151.122)
Build info: version: '4.33.0', revision: '2c6aaad03a'
System info: os.name: 'Windows 10', os.arch: 'amd64', os.version: '10.0', java.version: '21.0.7'
Driver info: org.openqa.selenium.chrome.ChromeDriver
Command: [e3edb7eca11e0045b224ff248ee77221, clickElement {id=f.B4540B29B67BC03F6E2CF80C95AF793A.d.E5735126A006B672B37BBCABECC30DDE.e.253}]
Capabilities {acceptInsecureCerts: false, browserName: chrome, browserVersion: 137.0.7151.122, chrome: {chromedriverVersion: 137.0.7151.68 (2989ffee9373..., userDataDir: C:\Users\Jeeva\AppData\Loca...}, fedcm:accounts: true, goog:chromeOptions: {debuggerAddress: localhost:55781}, networkConnectionEnabled: false, pageLoadStrategy: normal, platformName: windows, proxy: Proxy(), se:cdp: ws://localhost:55781/devtoo..., se:cdpVersion: 137.0.7151.122, setWindowRect: true, strictFileInteractability: false, timeouts: {implicit: 0, pageLoad: 300000, script: 30000}, unhandledPromptBehavior: dismiss and notify, webauthn:extension:credBlob: true, webauthn:extension:largeBlob: true, webauthn:extension:minPinLength: true, webauthn:extension:prf: true, webauthn:virtualAuthenticators: true}
Element: [[ChromeDriver: chrome on windows (e3edb7eca11e0045b224ff248ee77221)] -> xpath: //span[text()="Today"]]
Session ID: e3edb7eca11e0045b224ff248ee77221
at org.openqa.selenium.remote.ErrorCodec.decode(ErrorCodec.java:167)
at org.openqa.selenium.remote.codec.w3c.W3CHttpResponseCodec.decode(W3CHttpResponseCodec.java:138)
at org.openqa.selenium.remote.codec.w3c.W3CHttpResponseCodec.decode(W3CHttpResponseCodec.java:50)
at org.openqa.selenium.remote.HttpCommandExecutor.execute(HttpCommandExecutor.java:215)
at org.openqa.selenium.remote.service.DriverCommandExecutor.invokeExecute(DriverCommandExecutor.java:216)
at org.openqa.selenium.remote.service.DriverCommandExecutor.execute(DriverCommandExecutor.java:174)
at org.openqa.selenium.remote.RemoteWebDriver.execute(RemoteWebDriver.java:544)
at org.openqa.selenium.remote.RemoteWebElement.execute(RemoteWebElement.java:223)
at org.openqa.selenium.remote.RemoteWebElement.click(RemoteWebElement.java:76)
at FO.Room_assignment.test_view_records_needing_room_assignment_by_date_TC_RA_01(Room_assignment.java:172)
at java.base/java.util.ArrayList.forEach(ArrayList.java:1596)
... Removed 28 stack frames]]>
    </failure>
  </testcase> <!-- test_view_records_needing_room_assignment_by_date_TC_RA_01 -->
  <testcase classname="FO.Room_assignment" name="test_assign_room_number_manually_TC_RA_02" time="14.049"/>
  <testcase classname="FO.Guest_Search" name="Test_Sucessfull_Login" time="5.947"/>
  <testcase classname="FO.Guest_Search" name="test_verify_current_inhouse_guests_displayed_TC_GS_01" time="36.355"/>
  <testcase classname="FO.Guest_Search" name="test_uncheck_current_guest_to_view_all_guests_TC_GS_02" time="20.143"/>
  <testcase classname="FO.Guest_Search" name="test_check_pm_to_view_paymaster_guests_TC_GS_03" time="12.89"/>
  <testcase classname="FO.Guest_Search" name="test_search_guests_by_multiple_fields_TC_GS_04" time="38.71"/>
  <testcase classname="FO.Guest_Search" name="test_verify_guests_displayed_in_sequence_order_TC_GS_05" time="10.98"/>
  <testcase classname="FO.Guest_inhouse" name="Test_Sucessfull_Login" time="4.971"/>
  <testcase classname="FO.Guest_inhouse" name="test_edit_guest_name_and_personal_details_TC_GIH_01" time="23.51">
    <failure type="org.openqa.selenium.ElementClickInterceptedException" message="element click intercepted: Element &amp;lt;button type=&amp;quot;button&amp;quot; class=&amp;quot;webix_button&amp;quot; disabled=&amp;quot;true&amp;quot;&amp;gt;...&amp;lt;/button&amp;gt; is not clickable at point (1025, 48). Other element would receive the click: &amp;lt;div class=&amp;quot;webix_disabled&amp;quot;&amp;gt;&amp;lt;/div&amp;gt;
  (Session info: chrome=137.0.7151.122)
Build info: version: &amp;apos;4.33.0&amp;apos;, revision: &amp;apos;2c6aaad03a&amp;apos;
System info: os.name: &amp;apos;Windows 10&amp;apos;, os.arch: &amp;apos;amd64&amp;apos;, os.version: &amp;apos;10.0&amp;apos;, java.version: &amp;apos;21.0.7&amp;apos;
Driver info: org.openqa.selenium.chrome.ChromeDriver
Command: [516a50cd7e9a3dfda2a47cb4b13c7d53, clickElement {id=f.CB1753BD95BD56C5906E6D755EB86398.d.FA0484A3BF106D464CEF68AB5ED7AC22.e.422}]
Capabilities {acceptInsecureCerts: false, browserName: chrome, browserVersion: 137.0.7151.122, chrome: {chromedriverVersion: 137.0.7151.68 (2989ffee9373..., userDataDir: C:\Users\Jeeva\AppData\Loca...}, fedcm:accounts: true, goog:chromeOptions: {debuggerAddress: localhost:56072}, networkConnectionEnabled: false, pageLoadStrategy: normal, platformName: windows, proxy: Proxy(), se:cdp: ws://localhost:56072/devtoo..., se:cdpVersion: 137.0.7151.122, setWindowRect: true, strictFileInteractability: false, timeouts: {implicit: 0, pageLoad: 300000, script: 30000}, unhandledPromptBehavior: dismiss and notify, webauthn:extension:credBlob: true, webauthn:extension:largeBlob: true, webauthn:extension:minPinLength: true, webauthn:extension:prf: true, webauthn:virtualAuthenticators: true}
Element: [[ChromeDriver: chrome on windows (516a50cd7e9a3dfda2a47cb4b13c7d53)] -&amp;gt; xpath: //button[text()=&amp;apos;Select&amp;apos;]]
Session ID: 516a50cd7e9a3dfda2a47cb4b13c7d53">
      <![CDATA[org.openqa.selenium.ElementClickInterceptedException: element click intercepted: Element <button type="button" class="webix_button" disabled="true">...</button> is not clickable at point (1025, 48). Other element would receive the click: <div class="webix_disabled"></div>
  (Session info: chrome=137.0.7151.122)
Build info: version: '4.33.0', revision: '2c6aaad03a'
System info: os.name: 'Windows 10', os.arch: 'amd64', os.version: '10.0', java.version: '21.0.7'
Driver info: org.openqa.selenium.chrome.ChromeDriver
Command: [516a50cd7e9a3dfda2a47cb4b13c7d53, clickElement {id=f.CB1753BD95BD56C5906E6D755EB86398.d.FA0484A3BF106D464CEF68AB5ED7AC22.e.422}]
Capabilities {acceptInsecureCerts: false, browserName: chrome, browserVersion: 137.0.7151.122, chrome: {chromedriverVersion: 137.0.7151.68 (2989ffee9373..., userDataDir: C:\Users\Jeeva\AppData\Loca...}, fedcm:accounts: true, goog:chromeOptions: {debuggerAddress: localhost:56072}, networkConnectionEnabled: false, pageLoadStrategy: normal, platformName: windows, proxy: Proxy(), se:cdp: ws://localhost:56072/devtoo..., se:cdpVersion: 137.0.7151.122, setWindowRect: true, strictFileInteractability: false, timeouts: {implicit: 0, pageLoad: 300000, script: 30000}, unhandledPromptBehavior: dismiss and notify, webauthn:extension:credBlob: true, webauthn:extension:largeBlob: true, webauthn:extension:minPinLength: true, webauthn:extension:prf: true, webauthn:virtualAuthenticators: true}
Element: [[ChromeDriver: chrome on windows (516a50cd7e9a3dfda2a47cb4b13c7d53)] -> xpath: //button[text()='Select']]
Session ID: 516a50cd7e9a3dfda2a47cb4b13c7d53
at org.openqa.selenium.remote.ErrorCodec.decode(ErrorCodec.java:167)
at org.openqa.selenium.remote.codec.w3c.W3CHttpResponseCodec.decode(W3CHttpResponseCodec.java:138)
at org.openqa.selenium.remote.codec.w3c.W3CHttpResponseCodec.decode(W3CHttpResponseCodec.java:50)
at org.openqa.selenium.remote.HttpCommandExecutor.execute(HttpCommandExecutor.java:215)
at org.openqa.selenium.remote.service.DriverCommandExecutor.invokeExecute(DriverCommandExecutor.java:216)
at org.openqa.selenium.remote.service.DriverCommandExecutor.execute(DriverCommandExecutor.java:174)
at org.openqa.selenium.remote.RemoteWebDriver.execute(RemoteWebDriver.java:544)
at org.openqa.selenium.remote.RemoteWebElement.execute(RemoteWebElement.java:223)
at org.openqa.selenium.remote.RemoteWebElement.click(RemoteWebElement.java:76)
at FO.Guest_inhouse.test_edit_guest_name_and_personal_details_TC_GIH_01(Guest_inhouse.java:234)
at java.base/java.util.ArrayList.forEach(ArrayList.java:1596)
... Removed 28 stack frames]]>
    </failure>
  </testcase> <!-- test_edit_guest_name_and_personal_details_TC_GIH_01 -->
  <testcase classname="FO.Guest_inhouse" name="test_modify_segment_company_guest_type_and_agent_TC_GIH_02" time="30.04">
    <failure type="org.openqa.selenium.ElementClickInterceptedException" message="element click intercepted: Element &amp;lt;button type=&amp;quot;button&amp;quot; class=&amp;quot;webix_button&amp;quot; disabled=&amp;quot;true&amp;quot;&amp;gt;...&amp;lt;/button&amp;gt; is not clickable at point (1025, 48). Other element would receive the click: &amp;lt;div class=&amp;quot;webix_disabled&amp;quot;&amp;gt;&amp;lt;/div&amp;gt;
  (Session info: chrome=137.0.7151.122)
Build info: version: &amp;apos;4.33.0&amp;apos;, revision: &amp;apos;2c6aaad03a&amp;apos;
System info: os.name: &amp;apos;Windows 10&amp;apos;, os.arch: &amp;apos;amd64&amp;apos;, os.version: &amp;apos;10.0&amp;apos;, java.version: &amp;apos;21.0.7&amp;apos;
Driver info: org.openqa.selenium.chrome.ChromeDriver
Command: [516a50cd7e9a3dfda2a47cb4b13c7d53, clickElement {id=f.CB1753BD95BD56C5906E6D755EB86398.d.81E01EC64F7CBB000BFA0F93AAA2147D.e.685}]
Capabilities {acceptInsecureCerts: false, browserName: chrome, browserVersion: 137.0.7151.122, chrome: {chromedriverVersion: 137.0.7151.68 (2989ffee9373..., userDataDir: C:\Users\Jeeva\AppData\Loca...}, fedcm:accounts: true, goog:chromeOptions: {debuggerAddress: localhost:56072}, networkConnectionEnabled: false, pageLoadStrategy: normal, platformName: windows, proxy: Proxy(), se:cdp: ws://localhost:56072/devtoo..., se:cdpVersion: 137.0.7151.122, setWindowRect: true, strictFileInteractability: false, timeouts: {implicit: 0, pageLoad: 300000, script: 30000}, unhandledPromptBehavior: dismiss and notify, webauthn:extension:credBlob: true, webauthn:extension:largeBlob: true, webauthn:extension:minPinLength: true, webauthn:extension:prf: true, webauthn:virtualAuthenticators: true}
Element: [[ChromeDriver: chrome on windows (516a50cd7e9a3dfda2a47cb4b13c7d53)] -&amp;gt; xpath: //button[text()=&amp;apos;Select&amp;apos;]]
Session ID: 516a50cd7e9a3dfda2a47cb4b13c7d53">
      <![CDATA[org.openqa.selenium.ElementClickInterceptedException: element click intercepted: Element <button type="button" class="webix_button" disabled="true">...</button> is not clickable at point (1025, 48). Other element would receive the click: <div class="webix_disabled"></div>
  (Session info: chrome=137.0.7151.122)
Build info: version: '4.33.0', revision: '2c6aaad03a'
System info: os.name: 'Windows 10', os.arch: 'amd64', os.version: '10.0', java.version: '21.0.7'
Driver info: org.openqa.selenium.chrome.ChromeDriver
Command: [516a50cd7e9a3dfda2a47cb4b13c7d53, clickElement {id=f.CB1753BD95BD56C5906E6D755EB86398.d.81E01EC64F7CBB000BFA0F93AAA2147D.e.685}]
Capabilities {acceptInsecureCerts: false, browserName: chrome, browserVersion: 137.0.7151.122, chrome: {chromedriverVersion: 137.0.7151.68 (2989ffee9373..., userDataDir: C:\Users\Jeeva\AppData\Loca...}, fedcm:accounts: true, goog:chromeOptions: {debuggerAddress: localhost:56072}, networkConnectionEnabled: false, pageLoadStrategy: normal, platformName: windows, proxy: Proxy(), se:cdp: ws://localhost:56072/devtoo..., se:cdpVersion: 137.0.7151.122, setWindowRect: true, strictFileInteractability: false, timeouts: {implicit: 0, pageLoad: 300000, script: 30000}, unhandledPromptBehavior: dismiss and notify, webauthn:extension:credBlob: true, webauthn:extension:largeBlob: true, webauthn:extension:minPinLength: true, webauthn:extension:prf: true, webauthn:virtualAuthenticators: true}
Element: [[ChromeDriver: chrome on windows (516a50cd7e9a3dfda2a47cb4b13c7d53)] -> xpath: //button[text()='Select']]
Session ID: 516a50cd7e9a3dfda2a47cb4b13c7d53
at org.openqa.selenium.remote.ErrorCodec.decode(ErrorCodec.java:167)
at org.openqa.selenium.remote.codec.w3c.W3CHttpResponseCodec.decode(W3CHttpResponseCodec.java:138)
at org.openqa.selenium.remote.codec.w3c.W3CHttpResponseCodec.decode(W3CHttpResponseCodec.java:50)
at org.openqa.selenium.remote.HttpCommandExecutor.execute(HttpCommandExecutor.java:215)
at org.openqa.selenium.remote.service.DriverCommandExecutor.invokeExecute(DriverCommandExecutor.java:216)
at org.openqa.selenium.remote.service.DriverCommandExecutor.execute(DriverCommandExecutor.java:174)
at org.openqa.selenium.remote.RemoteWebDriver.execute(RemoteWebDriver.java:544)
at org.openqa.selenium.remote.RemoteWebElement.execute(RemoteWebElement.java:223)
at org.openqa.selenium.remote.RemoteWebElement.click(RemoteWebElement.java:76)
at FO.Guest_inhouse.test_modify_segment_company_guest_type_and_agent_TC_GIH_02(Guest_inhouse.java:382)
at java.base/java.util.ArrayList.forEach(ArrayList.java:1596)
... Removed 28 stack frames]]>
    </failure>
  </testcase> <!-- test_modify_segment_company_guest_type_and_agent_TC_GIH_02 -->
  <testcase classname="FO.Guest_inhouse" name="test_edit_rate_routing_post_bar_and_split_TC_GIH_03" time="27.996">
    <failure type="org.openqa.selenium.ElementClickInterceptedException" message="element click intercepted: Element &amp;lt;span class=&amp;quot;fa fa-save&amp;quot;&amp;gt;&amp;lt;/span&amp;gt; is not clickable at point (1256, 14). Other element would receive the click: &amp;lt;img src=&amp;quot;/images/HeaderIcons/user.svg&amp;quot;&amp;gt;
  (Session info: chrome=137.0.7151.122)
Build info: version: &amp;apos;4.33.0&amp;apos;, revision: &amp;apos;2c6aaad03a&amp;apos;
System info: os.name: &amp;apos;Windows 10&amp;apos;, os.arch: &amp;apos;amd64&amp;apos;, os.version: &amp;apos;10.0&amp;apos;, java.version: &amp;apos;21.0.7&amp;apos;
Driver info: org.openqa.selenium.chrome.ChromeDriver
Command: [516a50cd7e9a3dfda2a47cb4b13c7d53, clickElement {id=f.CB1753BD95BD56C5906E6D755EB86398.d.B1CC8808C4D9A22FBC037339A11DCEB9.e.798}]
Capabilities {acceptInsecureCerts: false, browserName: chrome, browserVersion: 137.0.7151.122, chrome: {chromedriverVersion: 137.0.7151.68 (2989ffee9373..., userDataDir: C:\Users\Jeeva\AppData\Loca...}, fedcm:accounts: true, goog:chromeOptions: {debuggerAddress: localhost:56072}, networkConnectionEnabled: false, pageLoadStrategy: normal, platformName: windows, proxy: Proxy(), se:cdp: ws://localhost:56072/devtoo..., se:cdpVersion: 137.0.7151.122, setWindowRect: true, strictFileInteractability: false, timeouts: {implicit: 0, pageLoad: 300000, script: 30000}, unhandledPromptBehavior: dismiss and notify, webauthn:extension:credBlob: true, webauthn:extension:largeBlob: true, webauthn:extension:minPinLength: true, webauthn:extension:prf: true, webauthn:virtualAuthenticators: true}
Element: [[ChromeDriver: chrome on windows (516a50cd7e9a3dfda2a47cb4b13c7d53)] -&amp;gt; xpath: //span[@class=&amp;apos;fa fa-save&amp;apos;]]
Session ID: 516a50cd7e9a3dfda2a47cb4b13c7d53">
      <![CDATA[org.openqa.selenium.ElementClickInterceptedException: element click intercepted: Element <span class="fa fa-save"></span> is not clickable at point (1256, 14). Other element would receive the click: <img src="/images/HeaderIcons/user.svg">
  (Session info: chrome=137.0.7151.122)
Build info: version: '4.33.0', revision: '2c6aaad03a'
System info: os.name: 'Windows 10', os.arch: 'amd64', os.version: '10.0', java.version: '21.0.7'
Driver info: org.openqa.selenium.chrome.ChromeDriver
Command: [516a50cd7e9a3dfda2a47cb4b13c7d53, clickElement {id=f.CB1753BD95BD56C5906E6D755EB86398.d.B1CC8808C4D9A22FBC037339A11DCEB9.e.798}]
Capabilities {acceptInsecureCerts: false, browserName: chrome, browserVersion: 137.0.7151.122, chrome: {chromedriverVersion: 137.0.7151.68 (2989ffee9373..., userDataDir: C:\Users\Jeeva\AppData\Loca...}, fedcm:accounts: true, goog:chromeOptions: {debuggerAddress: localhost:56072}, networkConnectionEnabled: false, pageLoadStrategy: normal, platformName: windows, proxy: Proxy(), se:cdp: ws://localhost:56072/devtoo..., se:cdpVersion: 137.0.7151.122, setWindowRect: true, strictFileInteractability: false, timeouts: {implicit: 0, pageLoad: 300000, script: 30000}, unhandledPromptBehavior: dismiss and notify, webauthn:extension:credBlob: true, webauthn:extension:largeBlob: true, webauthn:extension:minPinLength: true, webauthn:extension:prf: true, webauthn:virtualAuthenticators: true}
Element: [[ChromeDriver: chrome on windows (516a50cd7e9a3dfda2a47cb4b13c7d53)] -> xpath: //span[@class='fa fa-save']]
Session ID: 516a50cd7e9a3dfda2a47cb4b13c7d53
at org.openqa.selenium.remote.ErrorCodec.decode(ErrorCodec.java:167)
at org.openqa.selenium.remote.codec.w3c.W3CHttpResponseCodec.decode(W3CHttpResponseCodec.java:138)
at org.openqa.selenium.remote.codec.w3c.W3CHttpResponseCodec.decode(W3CHttpResponseCodec.java:50)
at org.openqa.selenium.remote.HttpCommandExecutor.execute(HttpCommandExecutor.java:215)
at org.openqa.selenium.remote.service.DriverCommandExecutor.invokeExecute(DriverCommandExecutor.java:216)
at org.openqa.selenium.remote.service.DriverCommandExecutor.execute(DriverCommandExecutor.java:174)
at org.openqa.selenium.remote.RemoteWebDriver.execute(RemoteWebDriver.java:544)
at org.openqa.selenium.remote.RemoteWebElement.execute(RemoteWebElement.java:223)
at org.openqa.selenium.remote.RemoteWebElement.click(RemoteWebElement.java:76)
at FO.Guest_inhouse.test_edit_rate_routing_post_bar_and_split_TC_GIH_03(Guest_inhouse.java:569)
at java.base/java.util.ArrayList.forEach(ArrayList.java:1596)
... Removed 28 stack frames]]>
    </failure>
  </testcase> <!-- test_edit_rate_routing_post_bar_and_split_TC_GIH_03 -->
  <testcase classname="FO.Guest_inhouse" name="test_modify_other_tab_fields_TC_GIH_04" time="22.042">
    <failure type="org.openqa.selenium.ElementClickInterceptedException" message="element click intercepted: Element &amp;lt;button type=&amp;quot;button&amp;quot; class=&amp;quot;webix_button&amp;quot; disabled=&amp;quot;true&amp;quot;&amp;gt;...&amp;lt;/button&amp;gt; is not clickable at point (1025, 48). Other element would receive the click: &amp;lt;div class=&amp;quot;webix_disabled&amp;quot;&amp;gt;&amp;lt;/div&amp;gt;
  (Session info: chrome=137.0.7151.122)
Build info: version: &amp;apos;4.33.0&amp;apos;, revision: &amp;apos;2c6aaad03a&amp;apos;
System info: os.name: &amp;apos;Windows 10&amp;apos;, os.arch: &amp;apos;amd64&amp;apos;, os.version: &amp;apos;10.0&amp;apos;, java.version: &amp;apos;21.0.7&amp;apos;
Driver info: org.openqa.selenium.chrome.ChromeDriver
Command: [516a50cd7e9a3dfda2a47cb4b13c7d53, clickElement {id=f.CB1753BD95BD56C5906E6D755EB86398.d.2413ADB1F0877CD9C2DED30436C0782E.e.1199}]
Capabilities {acceptInsecureCerts: false, browserName: chrome, browserVersion: 137.0.7151.122, chrome: {chromedriverVersion: 137.0.7151.68 (2989ffee9373..., userDataDir: C:\Users\Jeeva\AppData\Loca...}, fedcm:accounts: true, goog:chromeOptions: {debuggerAddress: localhost:56072}, networkConnectionEnabled: false, pageLoadStrategy: normal, platformName: windows, proxy: Proxy(), se:cdp: ws://localhost:56072/devtoo..., se:cdpVersion: 137.0.7151.122, setWindowRect: true, strictFileInteractability: false, timeouts: {implicit: 0, pageLoad: 300000, script: 30000}, unhandledPromptBehavior: dismiss and notify, webauthn:extension:credBlob: true, webauthn:extension:largeBlob: true, webauthn:extension:minPinLength: true, webauthn:extension:prf: true, webauthn:virtualAuthenticators: true}
Element: [[ChromeDriver: chrome on windows (516a50cd7e9a3dfda2a47cb4b13c7d53)] -&amp;gt; xpath: //button[text()=&amp;apos;Select&amp;apos;]]
Session ID: 516a50cd7e9a3dfda2a47cb4b13c7d53">
      <![CDATA[org.openqa.selenium.ElementClickInterceptedException: element click intercepted: Element <button type="button" class="webix_button" disabled="true">...</button> is not clickable at point (1025, 48). Other element would receive the click: <div class="webix_disabled"></div>
  (Session info: chrome=137.0.7151.122)
Build info: version: '4.33.0', revision: '2c6aaad03a'
System info: os.name: 'Windows 10', os.arch: 'amd64', os.version: '10.0', java.version: '21.0.7'
Driver info: org.openqa.selenium.chrome.ChromeDriver
Command: [516a50cd7e9a3dfda2a47cb4b13c7d53, clickElement {id=f.CB1753BD95BD56C5906E6D755EB86398.d.2413ADB1F0877CD9C2DED30436C0782E.e.1199}]
Capabilities {acceptInsecureCerts: false, browserName: chrome, browserVersion: 137.0.7151.122, chrome: {chromedriverVersion: 137.0.7151.68 (2989ffee9373..., userDataDir: C:\Users\Jeeva\AppData\Loca...}, fedcm:accounts: true, goog:chromeOptions: {debuggerAddress: localhost:56072}, networkConnectionEnabled: false, pageLoadStrategy: normal, platformName: windows, proxy: Proxy(), se:cdp: ws://localhost:56072/devtoo..., se:cdpVersion: 137.0.7151.122, setWindowRect: true, strictFileInteractability: false, timeouts: {implicit: 0, pageLoad: 300000, script: 30000}, unhandledPromptBehavior: dismiss and notify, webauthn:extension:credBlob: true, webauthn:extension:largeBlob: true, webauthn:extension:minPinLength: true, webauthn:extension:prf: true, webauthn:virtualAuthenticators: true}
Element: [[ChromeDriver: chrome on windows (516a50cd7e9a3dfda2a47cb4b13c7d53)] -> xpath: //button[text()='Select']]
Session ID: 516a50cd7e9a3dfda2a47cb4b13c7d53
at org.openqa.selenium.remote.ErrorCodec.decode(ErrorCodec.java:167)
at org.openqa.selenium.remote.codec.w3c.W3CHttpResponseCodec.decode(W3CHttpResponseCodec.java:138)
at org.openqa.selenium.remote.codec.w3c.W3CHttpResponseCodec.decode(W3CHttpResponseCodec.java:50)
at org.openqa.selenium.remote.HttpCommandExecutor.execute(HttpCommandExecutor.java:215)
at org.openqa.selenium.remote.service.DriverCommandExecutor.invokeExecute(DriverCommandExecutor.java:216)
at org.openqa.selenium.remote.service.DriverCommandExecutor.execute(DriverCommandExecutor.java:174)
at org.openqa.selenium.remote.RemoteWebDriver.execute(RemoteWebDriver.java:544)
at org.openqa.selenium.remote.RemoteWebElement.execute(RemoteWebElement.java:223)
at org.openqa.selenium.remote.RemoteWebElement.click(RemoteWebElement.java:76)
at FO.Guest_inhouse.test_modify_other_tab_fields_TC_GIH_04(Guest_inhouse.java:867)
at java.base/java.util.ArrayList.forEach(ArrayList.java:1596)
... Removed 28 stack frames]]>
    </failure>
  </testcase> <!-- test_modify_other_tab_fields_TC_GIH_04 -->
  <testcase classname="FO.Guest_inhouse" name="test_view_inhouse_log_TC_GIH_05" time="23.436">
    <failure type="org.openqa.selenium.ElementClickInterceptedException" message="element click intercepted: Element &amp;lt;button type=&amp;quot;button&amp;quot; class=&amp;quot;webix_button&amp;quot; disabled=&amp;quot;true&amp;quot;&amp;gt;...&amp;lt;/button&amp;gt; is not clickable at point (1025, 48). Other element would receive the click: &amp;lt;div class=&amp;quot;webix_disabled&amp;quot;&amp;gt;&amp;lt;/div&amp;gt;
  (Session info: chrome=137.0.7151.122)
Build info: version: &amp;apos;4.33.0&amp;apos;, revision: &amp;apos;2c6aaad03a&amp;apos;
System info: os.name: &amp;apos;Windows 10&amp;apos;, os.arch: &amp;apos;amd64&amp;apos;, os.version: &amp;apos;10.0&amp;apos;, java.version: &amp;apos;21.0.7&amp;apos;
Driver info: org.openqa.selenium.chrome.ChromeDriver
Command: [516a50cd7e9a3dfda2a47cb4b13c7d53, clickElement {id=f.CB1753BD95BD56C5906E6D755EB86398.d.B4A3FF3D64E312CCCB4709EF84972439.e.1492}]
Capabilities {acceptInsecureCerts: false, browserName: chrome, browserVersion: 137.0.7151.122, chrome: {chromedriverVersion: 137.0.7151.68 (2989ffee9373..., userDataDir: C:\Users\Jeeva\AppData\Loca...}, fedcm:accounts: true, goog:chromeOptions: {debuggerAddress: localhost:56072}, networkConnectionEnabled: false, pageLoadStrategy: normal, platformName: windows, proxy: Proxy(), se:cdp: ws://localhost:56072/devtoo..., se:cdpVersion: 137.0.7151.122, setWindowRect: true, strictFileInteractability: false, timeouts: {implicit: 0, pageLoad: 300000, script: 30000}, unhandledPromptBehavior: dismiss and notify, webauthn:extension:credBlob: true, webauthn:extension:largeBlob: true, webauthn:extension:minPinLength: true, webauthn:extension:prf: true, webauthn:virtualAuthenticators: true}
Element: [[ChromeDriver: chrome on windows (516a50cd7e9a3dfda2a47cb4b13c7d53)] -&amp;gt; xpath: //button[text()=&amp;apos;Select&amp;apos;]]
Session ID: 516a50cd7e9a3dfda2a47cb4b13c7d53">
      <![CDATA[org.openqa.selenium.ElementClickInterceptedException: element click intercepted: Element <button type="button" class="webix_button" disabled="true">...</button> is not clickable at point (1025, 48). Other element would receive the click: <div class="webix_disabled"></div>
  (Session info: chrome=137.0.7151.122)
Build info: version: '4.33.0', revision: '2c6aaad03a'
System info: os.name: 'Windows 10', os.arch: 'amd64', os.version: '10.0', java.version: '21.0.7'
Driver info: org.openqa.selenium.chrome.ChromeDriver
Command: [516a50cd7e9a3dfda2a47cb4b13c7d53, clickElement {id=f.CB1753BD95BD56C5906E6D755EB86398.d.B4A3FF3D64E312CCCB4709EF84972439.e.1492}]
Capabilities {acceptInsecureCerts: false, browserName: chrome, browserVersion: 137.0.7151.122, chrome: {chromedriverVersion: 137.0.7151.68 (2989ffee9373..., userDataDir: C:\Users\Jeeva\AppData\Loca...}, fedcm:accounts: true, goog:chromeOptions: {debuggerAddress: localhost:56072}, networkConnectionEnabled: false, pageLoadStrategy: normal, platformName: windows, proxy: Proxy(), se:cdp: ws://localhost:56072/devtoo..., se:cdpVersion: 137.0.7151.122, setWindowRect: true, strictFileInteractability: false, timeouts: {implicit: 0, pageLoad: 300000, script: 30000}, unhandledPromptBehavior: dismiss and notify, webauthn:extension:credBlob: true, webauthn:extension:largeBlob: true, webauthn:extension:minPinLength: true, webauthn:extension:prf: true, webauthn:virtualAuthenticators: true}
Element: [[ChromeDriver: chrome on windows (516a50cd7e9a3dfda2a47cb4b13c7d53)] -> xpath: //button[text()='Select']]
Session ID: 516a50cd7e9a3dfda2a47cb4b13c7d53
at org.openqa.selenium.remote.ErrorCodec.decode(ErrorCodec.java:167)
at org.openqa.selenium.remote.codec.w3c.W3CHttpResponseCodec.decode(W3CHttpResponseCodec.java:138)
at org.openqa.selenium.remote.codec.w3c.W3CHttpResponseCodec.decode(W3CHttpResponseCodec.java:50)
at org.openqa.selenium.remote.HttpCommandExecutor.execute(HttpCommandExecutor.java:215)
at org.openqa.selenium.remote.service.DriverCommandExecutor.invokeExecute(DriverCommandExecutor.java:216)
at org.openqa.selenium.remote.service.DriverCommandExecutor.execute(DriverCommandExecutor.java:174)
at org.openqa.selenium.remote.RemoteWebDriver.execute(RemoteWebDriver.java:544)
at org.openqa.selenium.remote.RemoteWebElement.execute(RemoteWebElement.java:223)
at org.openqa.selenium.remote.RemoteWebElement.click(RemoteWebElement.java:76)
at FO.Guest_inhouse.test_view_inhouse_log_TC_GIH_05(Guest_inhouse.java:1041)
at java.base/java.util.ArrayList.forEach(ArrayList.java:1596)
... Removed 28 stack frames]]>
    </failure>
  </testcase> <!-- test_view_inhouse_log_TC_GIH_05 -->
</testsuite> <!-- Login Test Cases -->
