<?xml version="1.0" encoding="UTF-8"?>
<!-- Generated by org.testng.reporters.JUnitXMLReporter -->
<testsuite ignored="0" hostname="WIN-LAP-057" failures="1" tests="24" name="Login Test Cases" time="449.876" errors="0" timestamp="2025-06-18T16:26:29 IST">
  <testcase classname="FO.Login" name="testloginpage" time="0.423"/>
  <testcase classname="FO.Login" name="testnegativelogin" time="0.565"/>
  <testcase classname="FO.Login" name="testnegativepassword" time="2.846"/>
  <testcase classname="FO.Login" name="testnegativeuserid" time="0.623"/>
  <testcase classname="FO.Login" name="testpositivepassword" time="0.747"/>
  <testcase classname="FO.Login" name="testpositiveuserid" time="0.628"/>
  <testcase classname="FO.Reservation" name="Test_Sucessfull_Login" time="3.899"/>
  <testcase classname="FO.Reservation" name="Test_Registration_page" time="3.854"/>
  <testcase classname="FO.Reservation" name="test_create_reservation_new_mode_mandatory_fields_TC_RS_01" time="7.738"/>
  <testcase classname="FO.Reservation" name="test_open_and_amend_saved_reservation_TC_RS_02" time="43.232">
    <failure type="org.openqa.selenium.TimeoutException" message="Expected condition failed: waiting for element to be clickable: By.xpath: (//div[@aria-rowindex=&amp;quot;6&amp;quot;])[23] (tried for 20 second(s) with 500 milliseconds interval)
Build info: version: &amp;apos;4.33.0&amp;apos;, revision: &amp;apos;2c6aaad03a&amp;apos;
System info: os.name: &amp;apos;Windows 10&amp;apos;, os.arch: &amp;apos;amd64&amp;apos;, os.version: &amp;apos;10.0&amp;apos;, java.version: &amp;apos;21.0.7&amp;apos;
Driver info: org.openqa.selenium.chrome.ChromeDriver
Capabilities {acceptInsecureCerts: false, browserName: chrome, browserVersion: 137.0.7151.104, chrome: {chromedriverVersion: 137.0.7151.68 (2989ffee9373..., userDataDir: C:\Users\Jeeva\AppData\Loca...}, fedcm:accounts: true, goog:chromeOptions: {debuggerAddress: localhost:57523}, networkConnectionEnabled: false, pageLoadStrategy: normal, platformName: windows, proxy: Proxy(), se:cdp: ws://localhost:57523/devtoo..., se:cdpVersion: 137.0.7151.104, setWindowRect: true, strictFileInteractability: false, timeouts: {implicit: 0, pageLoad: 300000, script: 30000}, unhandledPromptBehavior: dismiss and notify, webauthn:extension:credBlob: true, webauthn:extension:largeBlob: true, webauthn:extension:minPinLength: true, webauthn:extension:prf: true, webauthn:virtualAuthenticators: true}
Session ID: 01cb6574d90a2c3b2796e9da7920c48a">
      <![CDATA[org.openqa.selenium.TimeoutException: Expected condition failed: waiting for element to be clickable: By.xpath: (//div[@aria-rowindex="6"])[23] (tried for 20 second(s) with 500 milliseconds interval)
Build info: version: '4.33.0', revision: '2c6aaad03a'
System info: os.name: 'Windows 10', os.arch: 'amd64', os.version: '10.0', java.version: '21.0.7'
Driver info: org.openqa.selenium.chrome.ChromeDriver
Capabilities {acceptInsecureCerts: false, browserName: chrome, browserVersion: 137.0.7151.104, chrome: {chromedriverVersion: 137.0.7151.68 (2989ffee9373..., userDataDir: C:\Users\Jeeva\AppData\Loca...}, fedcm:accounts: true, goog:chromeOptions: {debuggerAddress: localhost:57523}, networkConnectionEnabled: false, pageLoadStrategy: normal, platformName: windows, proxy: Proxy(), se:cdp: ws://localhost:57523/devtoo..., se:cdpVersion: 137.0.7151.104, setWindowRect: true, strictFileInteractability: false, timeouts: {implicit: 0, pageLoad: 300000, script: 30000}, unhandledPromptBehavior: dismiss and notify, webauthn:extension:credBlob: true, webauthn:extension:largeBlob: true, webauthn:extension:minPinLength: true, webauthn:extension:prf: true, webauthn:virtualAuthenticators: true}
Session ID: 01cb6574d90a2c3b2796e9da7920c48a
at org.openqa.selenium.support.ui.WebDriverWait.timeoutException(WebDriverWait.java:84)
at org.openqa.selenium.support.ui.FluentWait.until(FluentWait.java:228)
at FO.Reservation.test_open_and_amend_saved_reservation_TC_RS_02(Reservation.java:249)
at java.base/java.util.ArrayList.forEach(ArrayList.java:1596)
... Removed 25 stack frames]]>
    </failure>
  </testcase> <!-- test_open_and_amend_saved_reservation_TC_RS_02 -->
  <testcase classname="FO.Reservation" name="test_verify_updated_details_open_mode_TC_RS_03" time="29.924"/>
  <testcase classname="FO.Reservation" name="test_cancel_reservation_with_reason_TC_RS_04" time="18.171"/>
  <testcase classname="FO.Reservation" name="test_verify_cancelled_reservation_visibility_TC_RS_05" time="46.234"/>
  <testcase classname="FO.Reservation" name="test_create_addon_reservation_from_existing_TC_RS_06" time="10.604"/>
  <testcase classname="FO.Reservation" name="test_verify_reservation_view_mode_TC_RS_11" time="17.203"/>
  <testcase classname="FO.Reservation" name="test_reinstate_cancelled_reservation_TC_RS_08" time="58.993"/>
  <testcase classname="FO.Reservation" name="test_addon_reservation_after_account_date_TC_RS_10" time="20.544"/>
  <testcase classname="FO.Reservation" name="test_split_reservation_multiple_rooms_TC_RS_07" time="11.537"/>
  <testcase classname="FO.Reservation" name="test_ledger_transactions_modify_open_mode_TC_RS_12" time="50.165"/>
  <testcase classname="FO.Reservation" name="test_ledger_transactions_modify_open_mode_TC_RS_12_Advance" time="33.379"/>
  <testcase classname="FO.Reservation_checkIN" name="Test_Sucessfull_Login" time="4.791"/>
  <testcase classname="FO.Reservation_checkIN" name="test_checkin_allowed_on_matching_arrival_and_account_date_TC_CI_01" time="34.318"/>
  <testcase classname="FO.Reservation_checkIN" name="test_perform_checkin_on_matching_dates_TC_CI_02" time="18.569"/>
  <testcase classname="FO.Reservation_checkIN" name="test_verify_registration_card_and_email_after_checkin_TC_CI_04" time="21.15"/>
</testsuite> <!-- Login Test Cases -->
