<?xml version="1.0" encoding="UTF-8"?>
<!-- Generated by org.testng.reporters.JUnitXMLReporter -->
<testsuite ignored="0" hostname="WIN-LAP-057" failures="2" tests="11" name="Login Test Cases" time="58.843" errors="0" timestamp="2025-06-27T12:30:32 IST">
  <testcase classname="FO.Login" name="testloginpage" time="0.325"/>
  <testcase classname="FO.Login" name="testnegativelogin" time="0.763"/>
  <testcase classname="FO.Login" name="testnegativepassword" time="2.508"/>
  <testcase classname="FO.Login" name="testnegativeuserid" time="0.364"/>
  <testcase classname="FO.Login" name="testpositivepassword" time="0.597"/>
  <testcase classname="FO.Login" name="testpositiveuserid" time="0.618"/>
  <testcase classname="FO.Base" name="Test_Sucessfull_Login" time="3.438"/>
  <testcase classname="FO.Reservation" name="test_create_reservation_new_mode_mandatory_fields_TC_RS_01" time="10.236"/>
  <testcase classname="FO.Base" name="Test_Sucessfull_Login" time="3.505"/>
  <testcase classname="FO.Reservation_checkIN" name="test_checkin_allowed_on_matching_arrival_and_account_date_TC_CI_01" time="29.904">
    <failure type="org.openqa.selenium.TimeoutException" message="Expected condition failed: waiting for element to be clickable: By.xpath: (//button[@class=&amp;quot;webix_button webix_img_btn&amp;quot;])[1] (tried for 20 second(s) with 500 milliseconds interval)">
      <![CDATA[org.openqa.selenium.TimeoutException: Expected condition failed: waiting for element to be clickable: By.xpath: (//button[@class="webix_button webix_img_btn"])[1] (tried for 20 second(s) with 500 milliseconds interval)
at org.openqa.selenium.support.ui.WebDriverWait.timeoutException(WebDriverWait.java:84)
at org.openqa.selenium.support.ui.FluentWait.until(FluentWait.java:228)
at FO.Reservation_checkIN.test_checkin_allowed_on_matching_arrival_and_account_date_TC_CI_01(Reservation_checkIN.java:202)
at java.base/java.util.ArrayList.forEach(ArrayList.java:1596)
Caused by: org.openqa.selenium.NoSuchWindowException: no such window: target window already closed
from unknown error: web view not found
  (Session info: chrome=137.0.7151.122)
Build info: version: '4.33.0', revision: '2c6aaad03a'
System info: os.name: 'Windows 10', os.arch: 'amd64', os.version: '10.0', java.version: '21.0.7'
Driver info: org.openqa.selenium.chrome.ChromeDriver
Command: [e6a39e26384ad453f391dd97fa876045, findElement {value=(//button[@class="webix_button webix_img_btn"])[1], using=xpath}]
Capabilities {acceptInsecureCerts: false, browserName: chrome, browserVersion: 137.0.7151.122, chrome: {chromedriverVersion: 137.0.7151.68 (2989ffee9373..., userDataDir: C:\Users\Jeeva\AppData\Loca...}, fedcm:accounts: true, goog:chromeOptions: {debuggerAddress: localhost:65007}, networkConnectionEnabled: false, pageLoadStrategy: normal, platformName: windows, proxy: Proxy(), se:cdp: ws://localhost:65007/devtoo..., se:cdpVersion: 137.0.7151.122, setWindowRect: true, strictFileInteractability: false, timeouts: {implicit: 0, pageLoad: 300000, script: 30000}, unhandledPromptBehavior: dismiss and notify, webauthn:extension:credBlob: true, webauthn:extension:largeBlob: true, webauthn:extension:minPinLength: true, webauthn:extension:prf: true, webauthn:virtualAuthenticators: true}
Session ID: e6a39e26384ad453f391dd97fa876045
at org.openqa.selenium.remote.ErrorCodec.decode(ErrorCodec.java:167)
at org.openqa.selenium.remote.codec.w3c.W3CHttpResponseCodec.decode(W3CHttpResponseCodec.java:138)
at org.openqa.selenium.remote.codec.w3c.W3CHttpResponseCodec.decode(W3CHttpResponseCodec.java:50)
at org.openqa.selenium.remote.HttpCommandExecutor.execute(HttpCommandExecutor.java:215)
at org.openqa.selenium.remote.service.DriverCommandExecutor.invokeExecute(DriverCommandExecutor.java:216)
at org.openqa.selenium.remote.service.DriverCommandExecutor.execute(DriverCommandExecutor.java:174)
at org.openqa.selenium.remote.RemoteWebDriver.execute(RemoteWebDriver.java:544)
at org.openqa.selenium.remote.ElementLocation$ElementFinder$2.findElement(ElementLocation.java:165)
at org.openqa.selenium.remote.ElementLocation.findElement(ElementLocation.java:59)
at org.openqa.selenium.remote.RemoteWebDriver.findElement(RemoteWebDriver.java:367)
at org.openqa.selenium.remote.RemoteWebDriver.findElement(RemoteWebDriver.java:361)
at org.openqa.selenium.support.ui.ExpectedConditions$7.apply(ExpectedConditions.java:194)
at org.openqa.selenium.support.ui.ExpectedConditions$7.apply(ExpectedConditions.java:190)
at org.openqa.selenium.support.ui.ExpectedConditions$22.apply(ExpectedConditions.java:627)
at org.openqa.selenium.support.ui.ExpectedConditions$22.apply(ExpectedConditions.java:624)
at org.openqa.selenium.support.ui.FluentWait.until(FluentWait.java:203)
... 27 more
... Removed 28 stack frames]]>
    </failure>
  </testcase> <!-- test_checkin_allowed_on_matching_arrival_and_account_date_TC_CI_01 -->
  <testcase classname="FO.Reservation_checkIN" name="test_checkin_allowed_on_matching_arrival_and_account_date_TC_CI_01" time="29.918">
    <failure type="org.openqa.selenium.NoSuchWindowException" message="no such window: target window already closed
from unknown error: web view not found
  (Session info: chrome=137.0.7151.122)
Build info: version: &amp;apos;4.33.0&amp;apos;, revision: &amp;apos;2c6aaad03a&amp;apos;
System info: os.name: &amp;apos;Windows 10&amp;apos;, os.arch: &amp;apos;amd64&amp;apos;, os.version: &amp;apos;10.0&amp;apos;, java.version: &amp;apos;21.0.7&amp;apos;
Driver info: org.openqa.selenium.chrome.ChromeDriver
Command: [e6a39e26384ad453f391dd97fa876045, screenshot {}]
Capabilities {acceptInsecureCerts: false, browserName: chrome, browserVersion: 137.0.7151.122, chrome: {chromedriverVersion: 137.0.7151.68 (2989ffee9373..., userDataDir: C:\Users\Jeeva\AppData\Loca...}, fedcm:accounts: true, goog:chromeOptions: {debuggerAddress: localhost:65007}, networkConnectionEnabled: false, pageLoadStrategy: normal, platformName: windows, proxy: Proxy(), se:cdp: ws://localhost:65007/devtoo..., se:cdpVersion: 137.0.7151.122, setWindowRect: true, strictFileInteractability: false, timeouts: {implicit: 0, pageLoad: 300000, script: 30000}, unhandledPromptBehavior: dismiss and notify, webauthn:extension:credBlob: true, webauthn:extension:largeBlob: true, webauthn:extension:minPinLength: true, webauthn:extension:prf: true, webauthn:virtualAuthenticators: true}
Session ID: e6a39e26384ad453f391dd97fa876045">
      <![CDATA[org.openqa.selenium.NoSuchWindowException: no such window: target window already closed
from unknown error: web view not found
  (Session info: chrome=137.0.7151.122)
Build info: version: '4.33.0', revision: '2c6aaad03a'
System info: os.name: 'Windows 10', os.arch: 'amd64', os.version: '10.0', java.version: '21.0.7'
Driver info: org.openqa.selenium.chrome.ChromeDriver
Command: [e6a39e26384ad453f391dd97fa876045, screenshot {}]
Capabilities {acceptInsecureCerts: false, browserName: chrome, browserVersion: 137.0.7151.122, chrome: {chromedriverVersion: 137.0.7151.68 (2989ffee9373..., userDataDir: C:\Users\Jeeva\AppData\Loca...}, fedcm:accounts: true, goog:chromeOptions: {debuggerAddress: localhost:65007}, networkConnectionEnabled: false, pageLoadStrategy: normal, platformName: windows, proxy: Proxy(), se:cdp: ws://localhost:65007/devtoo..., se:cdpVersion: 137.0.7151.122, setWindowRect: true, strictFileInteractability: false, timeouts: {implicit: 0, pageLoad: 300000, script: 30000}, unhandledPromptBehavior: dismiss and notify, webauthn:extension:credBlob: true, webauthn:extension:largeBlob: true, webauthn:extension:minPinLength: true, webauthn:extension:prf: true, webauthn:virtualAuthenticators: true}
Session ID: e6a39e26384ad453f391dd97fa876045
at org.openqa.selenium.remote.ErrorCodec.decode(ErrorCodec.java:167)
at org.openqa.selenium.remote.codec.w3c.W3CHttpResponseCodec.decode(W3CHttpResponseCodec.java:138)
at org.openqa.selenium.remote.codec.w3c.W3CHttpResponseCodec.decode(W3CHttpResponseCodec.java:50)
at org.openqa.selenium.remote.HttpCommandExecutor.execute(HttpCommandExecutor.java:215)
at org.openqa.selenium.remote.service.DriverCommandExecutor.invokeExecute(DriverCommandExecutor.java:216)
at org.openqa.selenium.remote.service.DriverCommandExecutor.execute(DriverCommandExecutor.java:174)
at org.openqa.selenium.remote.RemoteWebDriver.execute(RemoteWebDriver.java:544)
at org.openqa.selenium.remote.RemoteWebDriver.execute(RemoteWebDriver.java:617)
at org.openqa.selenium.remote.RemoteWebDriver.execute(RemoteWebDriver.java:621)
at org.openqa.selenium.remote.RemoteWebDriver.getScreenshotAs(RemoteWebDriver.java:333)
at FO.ScreenshotListener.takeScreenshot(ScreenshotListener.java:67)
at FO.ScreenshotListener.onTestFailure(ScreenshotListener.java:82)
at java.base/java.util.ArrayList.forEach(ArrayList.java:1596)
... Removed 27 stack frames]]>
    </failure>
  </testcase> <!-- test_checkin_allowed_on_matching_arrival_and_account_date_TC_CI_01 -->
</testsuite> <!-- Login Test Cases -->
