<?xml version="1.0" encoding="UTF-8"?>
<!-- Generated by org.testng.reporters.JUnitXMLReporter -->
<testsuite ignored="0" hostname="WIN-LAP-057" failures="0" tests="16" name="Login Test Cases" time="270.157" errors="0" timestamp="2025-06-17T12:01:41 IST">
  <testcase classname="FO.Login" name="testloginpage" time="0.418"/>
  <testcase classname="FO.Login" name="testnegativelogin" time="0.388"/>
  <testcase classname="FO.Login" name="testnegativepassword" time="2.957"/>
  <testcase classname="FO.Login" name="testnegativeuserid" time="0.864"/>
  <testcase classname="FO.Login" name="testpositivepassword" time="1.078"/>
  <testcase classname="FO.Login" name="testpositiveuserid" time="0.935"/>
  <testcase classname="FO.Reservation" name="Test_Sucessfull_Login" time="5.86"/>
  <testcase classname="FO.Reservation" name="Test_Registration_page" time="5.448"/>
  <testcase classname="FO.Reservation" name="test_create_reservation_new_mode_mandatory_fields_TC_RS_01" time="11.581"/>
  <testcase classname="FO.Reservation" name="test_open_and_amend_saved_reservation_TC_RS_02" time="38.34"/>
  <testcase classname="FO.Reservation" name="test_verify_updated_details_open_mode_TC_RS_03" time="41.11"/>
  <testcase classname="FO.Reservation" name="test_cancel_reservation_with_reason_TC_RS_04" time="19.169"/>
  <testcase classname="FO.Reservation" name="test_verify_cancelled_reservation_visibility_TC_RS_05" time="45.767"/>
  <testcase classname="FO.Reservation" name="test_create_addon_reservation_from_existing_TC_RS_06" time="9.526"/>
  <testcase classname="FO.Reservation" name="test_verify_reservation_view_mode_TC_RS_11" time="17.024"/>
  <testcase classname="FO.Reservation" name="test_reinstate_cancelled_reservation_TC_RS_08" time="59.429"/>
</testsuite> <!-- Login Test Cases -->
