<?xml version="1.0" encoding="UTF-8"?>
<!-- Generated by org.testng.reporters.JUnitXMLReporter -->
<testsuite ignored="0" hostname="WIN-LAP-057" failures="5" tests="56" name="Login Test Cases" time="1848.604" errors="0" timestamp="2025-06-27T10:20:14 IST">
  <testcase classname="FO.Login" name="testloginpage" time="0.416"/>
  <testcase classname="FO.Login" name="testnegativelogin" time="0.365"/>
  <testcase classname="FO.Login" name="testnegativepassword" time="3.019"/>
  <testcase classname="FO.Login" name="testnegativeuserid" time="0.606"/>
  <testcase classname="FO.Login" name="testpositivepassword" time="0.839"/>
  <testcase classname="FO.Login" name="testpositiveuserid" time="0.658"/>
  <testcase classname="FO.Reservation" name="Test_Sucessfull_Login" time="6.99"/>
  <testcase classname="FO.Reservation" name="Test_Registration_page" time="5.116"/>
  <testcase classname="FO.Reservation" name="test_create_reservation_new_mode_mandatory_fields_TC_RS_01" time="8.894"/>
  <testcase classname="FO.Reservation" name="test_open_and_amend_saved_reservation_TC_RS_02" time="31.995"/>
  <testcase classname="FO.Reservation" name="test_verify_updated_details_open_mode_TC_RS_03" time="83.123"/>
  <testcase classname="FO.Reservation" name="test_cancel_reservation_with_reason_TC_RS_04" time="23.416"/>
  <testcase classname="FO.Reservation" name="test_verify_cancelled_reservation_visibility_TC_RS_05" time="51.475"/>
  <testcase classname="FO.Reservation" name="test_create_addon_reservation_from_existing_TC_RS_06" time="18.576"/>
  <testcase classname="FO.Reservation" name="test_verify_reservation_view_mode_TC_RS_11" time="41.225"/>
  <testcase classname="FO.Reservation" name="test_reinstate_cancelled_reservation_TC_RS_08" time="72.402"/>
  <testcase classname="FO.Reservation" name="test_addon_reservation_after_account_date_TC_RS_10" time="50.536"/>
  <testcase classname="FO.Reservation" name="test_split_reservation_multiple_rooms_TC_RS_07" time="10.897"/>
  <testcase classname="FO.Reservation" name="test_ledger_transactions_modify_open_mode_TC_RS_12" time="53.078"/>
  <testcase classname="FO.Reservation" name="test_ledger_transactions_modify_open_mode_TC_RS_12_Advance" time="44.004"/>
  <testcase classname="FO.Reservation_checkIN" name="Test_Sucessfull_Login" time="5.904"/>
  <testcase classname="FO.Reservation_checkIN" name="test_checkin_allowed_on_matching_arrival_and_account_date_TC_CI_01" time="38.191"/>
  <testcase classname="FO.Reservation_checkIN" name="test_perform_checkin_on_matching_dates_TC_CI_02" time="20.892"/>
  <testcase classname="FO.Reservation_checkIN" name="test_verify_registration_card_and_email_after_checkin_TC_CI_04" time="31.57"/>
  <testcase classname="FO.Reservation_checkIN" name="test_create_walkin_reservation_and_checkin_TC_WI_01" time="12.109"/>
  <testcase classname="FO.Reservation_checkIN" name="test_print_registration_card_with_filters_TC_RC_01" time="39.252"/>
  <testcase classname="FO.Reservation_checkIN" name="test_filter_reservations_by_date_and_template_TC_RC_01" time="26.632"/>
  <testcase classname="FO.Advance_distribution" name="Test_Sucessfull_Login" time="3.937"/>
  <testcase classname="FO.Advance_distribution" name="test_select_advance_type_and_reservation_room_TC_AD_01_Reservation" time="54.124"/>
  <testcase classname="FO.Advance_distribution" name="test_select_advance_type_and_reservation_room_TC_AD_01_CheckIN" time="111.916"/>
  <testcase classname="FO.Room_assignment" name="Test_Sucessfull_Login" time="6.994"/>
  <testcase classname="FO.Room_assignment" name="test_view_records_needing_room_assignment_by_date_TC_RA_01" time="14.908"/>
  <testcase classname="FO.Room_assignment" name="test_assign_room_number_manually_TC_RA_02" time="34.201">
    <failure type="org.openqa.selenium.TimeoutException" message="Expected condition failed: waiting for visibility of element located by By.xpath: //div[text()=&amp;apos;13021&amp;apos;] (tried for 20 second(s) with 500 milliseconds interval)
Build info: version: &amp;apos;4.33.0&amp;apos;, revision: &amp;apos;2c6aaad03a&amp;apos;
System info: os.name: &amp;apos;Windows 10&amp;apos;, os.arch: &amp;apos;amd64&amp;apos;, os.version: &amp;apos;10.0&amp;apos;, java.version: &amp;apos;21.0.7&amp;apos;
Driver info: org.openqa.selenium.chrome.ChromeDriver
Capabilities {acceptInsecureCerts: false, browserName: chrome, browserVersion: 137.0.7151.122, chrome: {chromedriverVersion: 137.0.7151.68 (2989ffee9373..., userDataDir: C:\Users\Jeeva\AppData\Loca...}, fedcm:accounts: true, goog:chromeOptions: {debuggerAddress: localhost:50900}, networkConnectionEnabled: false, pageLoadStrategy: normal, platformName: windows, proxy: Proxy(), se:cdp: ws://localhost:50900/devtoo..., se:cdpVersion: 137.0.7151.122, setWindowRect: true, strictFileInteractability: false, timeouts: {implicit: 0, pageLoad: 300000, script: 30000}, unhandledPromptBehavior: dismiss and notify, webauthn:extension:credBlob: true, webauthn:extension:largeBlob: true, webauthn:extension:minPinLength: true, webauthn:extension:prf: true, webauthn:virtualAuthenticators: true}
Session ID: 227ed1ddb42825bca777a79ec86381f1">
      <![CDATA[org.openqa.selenium.TimeoutException: Expected condition failed: waiting for visibility of element located by By.xpath: //div[text()='13021'] (tried for 20 second(s) with 500 milliseconds interval)
Build info: version: '4.33.0', revision: '2c6aaad03a'
System info: os.name: 'Windows 10', os.arch: 'amd64', os.version: '10.0', java.version: '21.0.7'
Driver info: org.openqa.selenium.chrome.ChromeDriver
Capabilities {acceptInsecureCerts: false, browserName: chrome, browserVersion: 137.0.7151.122, chrome: {chromedriverVersion: 137.0.7151.68 (2989ffee9373..., userDataDir: C:\Users\Jeeva\AppData\Loca...}, fedcm:accounts: true, goog:chromeOptions: {debuggerAddress: localhost:50900}, networkConnectionEnabled: false, pageLoadStrategy: normal, platformName: windows, proxy: Proxy(), se:cdp: ws://localhost:50900/devtoo..., se:cdpVersion: 137.0.7151.122, setWindowRect: true, strictFileInteractability: false, timeouts: {implicit: 0, pageLoad: 300000, script: 30000}, unhandledPromptBehavior: dismiss and notify, webauthn:extension:credBlob: true, webauthn:extension:largeBlob: true, webauthn:extension:minPinLength: true, webauthn:extension:prf: true, webauthn:virtualAuthenticators: true}
Session ID: 227ed1ddb42825bca777a79ec86381f1
at org.openqa.selenium.support.ui.WebDriverWait.timeoutException(WebDriverWait.java:84)
at org.openqa.selenium.support.ui.FluentWait.until(FluentWait.java:228)
at FO.Room_assignment.test_assign_room_number_manually_TC_RA_02(Room_assignment.java:278)
at java.base/java.util.ArrayList.forEach(ArrayList.java:1596)
... Removed 25 stack frames]]>
    </failure>
  </testcase> <!-- test_assign_room_number_manually_TC_RA_02 -->
  <testcase classname="FO.Guest_Search" name="Test_Sucessfull_Login" time="4.994"/>
  <testcase classname="FO.Guest_Search" name="test_verify_current_inhouse_guests_displayed_TC_GS_01" time="36.535"/>
  <testcase classname="FO.Guest_Search" name="test_uncheck_current_guest_to_view_all_guests_TC_GS_02" time="19.091"/>
  <testcase classname="FO.Guest_Search" name="test_check_pm_to_view_paymaster_guests_TC_GS_03" time="25.946">
    <failure type="org.openqa.selenium.TimeoutException" message="Expected condition failed: waiting for element to be clickable: By.xpath: (//button[@class=&amp;quot;webix_button webix_img_btn&amp;quot;])[1] (tried for 20 second(s) with 500 milliseconds interval)
Build info: version: &amp;apos;4.33.0&amp;apos;, revision: &amp;apos;2c6aaad03a&amp;apos;
System info: os.name: &amp;apos;Windows 10&amp;apos;, os.arch: &amp;apos;amd64&amp;apos;, os.version: &amp;apos;10.0&amp;apos;, java.version: &amp;apos;21.0.7&amp;apos;
Driver info: org.openqa.selenium.chrome.ChromeDriver
Capabilities {acceptInsecureCerts: false, browserName: chrome, browserVersion: 137.0.7151.122, chrome: {chromedriverVersion: 137.0.7151.68 (2989ffee9373..., userDataDir: C:\Users\Jeeva\AppData\Loca...}, fedcm:accounts: true, goog:chromeOptions: {debuggerAddress: localhost:51039}, networkConnectionEnabled: false, pageLoadStrategy: normal, platformName: windows, proxy: Proxy(), se:cdp: ws://localhost:51039/devtoo..., se:cdpVersion: 137.0.7151.122, setWindowRect: true, strictFileInteractability: false, timeouts: {implicit: 0, pageLoad: 300000, script: 30000}, unhandledPromptBehavior: dismiss and notify, webauthn:extension:credBlob: true, webauthn:extension:largeBlob: true, webauthn:extension:minPinLength: true, webauthn:extension:prf: true, webauthn:virtualAuthenticators: true}
Session ID: 0a4c646ab33768ec8014af1a3e539ae5">
      <![CDATA[org.openqa.selenium.TimeoutException: Expected condition failed: waiting for element to be clickable: By.xpath: (//button[@class="webix_button webix_img_btn"])[1] (tried for 20 second(s) with 500 milliseconds interval)
Build info: version: '4.33.0', revision: '2c6aaad03a'
System info: os.name: 'Windows 10', os.arch: 'amd64', os.version: '10.0', java.version: '21.0.7'
Driver info: org.openqa.selenium.chrome.ChromeDriver
Capabilities {acceptInsecureCerts: false, browserName: chrome, browserVersion: 137.0.7151.122, chrome: {chromedriverVersion: 137.0.7151.68 (2989ffee9373..., userDataDir: C:\Users\Jeeva\AppData\Loca...}, fedcm:accounts: true, goog:chromeOptions: {debuggerAddress: localhost:51039}, networkConnectionEnabled: false, pageLoadStrategy: normal, platformName: windows, proxy: Proxy(), se:cdp: ws://localhost:51039/devtoo..., se:cdpVersion: 137.0.7151.122, setWindowRect: true, strictFileInteractability: false, timeouts: {implicit: 0, pageLoad: 300000, script: 30000}, unhandledPromptBehavior: dismiss and notify, webauthn:extension:credBlob: true, webauthn:extension:largeBlob: true, webauthn:extension:minPinLength: true, webauthn:extension:prf: true, webauthn:virtualAuthenticators: true}
Session ID: 0a4c646ab33768ec8014af1a3e539ae5
at org.openqa.selenium.support.ui.WebDriverWait.timeoutException(WebDriverWait.java:84)
at org.openqa.selenium.support.ui.FluentWait.until(FluentWait.java:228)
at FO.Guest_Search.test_check_pm_to_view_paymaster_guests_TC_GS_03(Guest_Search.java:355)
at java.base/java.util.ArrayList.forEach(ArrayList.java:1596)
... Removed 25 stack frames]]>
    </failure>
  </testcase> <!-- test_check_pm_to_view_paymaster_guests_TC_GS_03 -->
  <testcase classname="FO.Guest_Search" name="test_search_guests_by_multiple_fields_TC_GS_04" time="43.885"/>
  <testcase classname="FO.Guest_Search" name="test_verify_guests_displayed_in_sequence_order_TC_GS_05" time="4.359"/>
  <testcase classname="FO.Guest_inhouse" name="Test_Sucessfull_Login" time="4.312"/>
  <testcase classname="FO.Guest_inhouse" name="test_edit_guest_name_and_personal_details_TC_GIH_01" time="62.715">
    <failure type="org.openqa.selenium.TimeoutException" message="Expected condition failed: waiting for element to be clickable: By.xpath: //span[@class=&amp;apos;fa fa-search ExpBkGridIconBtn&amp;apos;] (tried for 20 second(s) with 500 milliseconds interval)
Build info: version: &amp;apos;4.33.0&amp;apos;, revision: &amp;apos;2c6aaad03a&amp;apos;
System info: os.name: &amp;apos;Windows 10&amp;apos;, os.arch: &amp;apos;amd64&amp;apos;, os.version: &amp;apos;10.0&amp;apos;, java.version: &amp;apos;21.0.7&amp;apos;
Driver info: org.openqa.selenium.chrome.ChromeDriver
Capabilities {acceptInsecureCerts: false, browserName: chrome, browserVersion: 137.0.7151.122, chrome: {chromedriverVersion: 137.0.7151.68 (2989ffee9373..., userDataDir: C:\Users\Jeeva\AppData\Loca...}, fedcm:accounts: true, goog:chromeOptions: {debuggerAddress: localhost:51223}, networkConnectionEnabled: false, pageLoadStrategy: normal, platformName: windows, proxy: Proxy(), se:cdp: ws://localhost:51223/devtoo..., se:cdpVersion: 137.0.7151.122, setWindowRect: true, strictFileInteractability: false, timeouts: {implicit: 0, pageLoad: 300000, script: 30000}, unhandledPromptBehavior: dismiss and notify, webauthn:extension:credBlob: true, webauthn:extension:largeBlob: true, webauthn:extension:minPinLength: true, webauthn:extension:prf: true, webauthn:virtualAuthenticators: true}
Session ID: d507b4d90895633e68d041ffdc869790">
      <![CDATA[org.openqa.selenium.TimeoutException: Expected condition failed: waiting for element to be clickable: By.xpath: //span[@class='fa fa-search ExpBkGridIconBtn'] (tried for 20 second(s) with 500 milliseconds interval)
Build info: version: '4.33.0', revision: '2c6aaad03a'
System info: os.name: 'Windows 10', os.arch: 'amd64', os.version: '10.0', java.version: '21.0.7'
Driver info: org.openqa.selenium.chrome.ChromeDriver
Capabilities {acceptInsecureCerts: false, browserName: chrome, browserVersion: 137.0.7151.122, chrome: {chromedriverVersion: 137.0.7151.68 (2989ffee9373..., userDataDir: C:\Users\Jeeva\AppData\Loca...}, fedcm:accounts: true, goog:chromeOptions: {debuggerAddress: localhost:51223}, networkConnectionEnabled: false, pageLoadStrategy: normal, platformName: windows, proxy: Proxy(), se:cdp: ws://localhost:51223/devtoo..., se:cdpVersion: 137.0.7151.122, setWindowRect: true, strictFileInteractability: false, timeouts: {implicit: 0, pageLoad: 300000, script: 30000}, unhandledPromptBehavior: dismiss and notify, webauthn:extension:credBlob: true, webauthn:extension:largeBlob: true, webauthn:extension:minPinLength: true, webauthn:extension:prf: true, webauthn:virtualAuthenticators: true}
Session ID: d507b4d90895633e68d041ffdc869790
at org.openqa.selenium.support.ui.WebDriverWait.timeoutException(WebDriverWait.java:84)
at org.openqa.selenium.support.ui.FluentWait.until(FluentWait.java:228)
at FO.Guest_inhouse.test_edit_guest_name_and_personal_details_TC_GIH_01(Guest_inhouse.java:267)
at java.base/java.util.ArrayList.forEach(ArrayList.java:1596)
... Removed 25 stack frames]]>
    </failure>
  </testcase> <!-- test_edit_guest_name_and_personal_details_TC_GIH_01 -->
  <testcase classname="FO.Guest_inhouse" name="test_modify_segment_company_guest_type_and_agent_TC_GIH_02" time="49.471"/>
  <testcase classname="FO.Guest_inhouse" name="test_edit_rate_routing_post_bar_and_split_TC_GIH_03" time="26.346">
    <failure type="org.openqa.selenium.ElementClickInterceptedException" message="element click intercepted: Element &amp;lt;span class=&amp;quot;fa fa-save&amp;quot;&amp;gt;&amp;lt;/span&amp;gt; is not clickable at point (1256, 14). Other element would receive the click: &amp;lt;img src=&amp;quot;/images/HeaderIcons/user.svg&amp;quot;&amp;gt;
  (Session info: chrome=137.0.7151.122)
Build info: version: &amp;apos;4.33.0&amp;apos;, revision: &amp;apos;2c6aaad03a&amp;apos;
System info: os.name: &amp;apos;Windows 10&amp;apos;, os.arch: &amp;apos;amd64&amp;apos;, os.version: &amp;apos;10.0&amp;apos;, java.version: &amp;apos;21.0.7&amp;apos;
Driver info: org.openqa.selenium.chrome.ChromeDriver
Command: [d507b4d90895633e68d041ffdc869790, clickElement {id=f.45F338842342DADE168AE5975E95A4AC.d.99203E8BE61921F8CC0BB0CC9235D89E.e.1152}]
Capabilities {acceptInsecureCerts: false, browserName: chrome, browserVersion: 137.0.7151.122, chrome: {chromedriverVersion: 137.0.7151.68 (2989ffee9373..., userDataDir: C:\Users\Jeeva\AppData\Loca...}, fedcm:accounts: true, goog:chromeOptions: {debuggerAddress: localhost:51223}, networkConnectionEnabled: false, pageLoadStrategy: normal, platformName: windows, proxy: Proxy(), se:cdp: ws://localhost:51223/devtoo..., se:cdpVersion: 137.0.7151.122, setWindowRect: true, strictFileInteractability: false, timeouts: {implicit: 0, pageLoad: 300000, script: 30000}, unhandledPromptBehavior: dismiss and notify, webauthn:extension:credBlob: true, webauthn:extension:largeBlob: true, webauthn:extension:minPinLength: true, webauthn:extension:prf: true, webauthn:virtualAuthenticators: true}
Element: [[ChromeDriver: chrome on windows (d507b4d90895633e68d041ffdc869790)] -&amp;gt; xpath: //span[@class=&amp;apos;fa fa-save&amp;apos;]]
Session ID: d507b4d90895633e68d041ffdc869790">
      <![CDATA[org.openqa.selenium.ElementClickInterceptedException: element click intercepted: Element <span class="fa fa-save"></span> is not clickable at point (1256, 14). Other element would receive the click: <img src="/images/HeaderIcons/user.svg">
  (Session info: chrome=137.0.7151.122)
Build info: version: '4.33.0', revision: '2c6aaad03a'
System info: os.name: 'Windows 10', os.arch: 'amd64', os.version: '10.0', java.version: '21.0.7'
Driver info: org.openqa.selenium.chrome.ChromeDriver
Command: [d507b4d90895633e68d041ffdc869790, clickElement {id=f.45F338842342DADE168AE5975E95A4AC.d.99203E8BE61921F8CC0BB0CC9235D89E.e.1152}]
Capabilities {acceptInsecureCerts: false, browserName: chrome, browserVersion: 137.0.7151.122, chrome: {chromedriverVersion: 137.0.7151.68 (2989ffee9373..., userDataDir: C:\Users\Jeeva\AppData\Loca...}, fedcm:accounts: true, goog:chromeOptions: {debuggerAddress: localhost:51223}, networkConnectionEnabled: false, pageLoadStrategy: normal, platformName: windows, proxy: Proxy(), se:cdp: ws://localhost:51223/devtoo..., se:cdpVersion: 137.0.7151.122, setWindowRect: true, strictFileInteractability: false, timeouts: {implicit: 0, pageLoad: 300000, script: 30000}, unhandledPromptBehavior: dismiss and notify, webauthn:extension:credBlob: true, webauthn:extension:largeBlob: true, webauthn:extension:minPinLength: true, webauthn:extension:prf: true, webauthn:virtualAuthenticators: true}
Element: [[ChromeDriver: chrome on windows (d507b4d90895633e68d041ffdc869790)] -> xpath: //span[@class='fa fa-save']]
Session ID: d507b4d90895633e68d041ffdc869790
at org.openqa.selenium.remote.ErrorCodec.decode(ErrorCodec.java:167)
at org.openqa.selenium.remote.codec.w3c.W3CHttpResponseCodec.decode(W3CHttpResponseCodec.java:138)
at org.openqa.selenium.remote.codec.w3c.W3CHttpResponseCodec.decode(W3CHttpResponseCodec.java:50)
at org.openqa.selenium.remote.HttpCommandExecutor.execute(HttpCommandExecutor.java:215)
at org.openqa.selenium.remote.service.DriverCommandExecutor.invokeExecute(DriverCommandExecutor.java:216)
at org.openqa.selenium.remote.service.DriverCommandExecutor.execute(DriverCommandExecutor.java:174)
at org.openqa.selenium.remote.RemoteWebDriver.execute(RemoteWebDriver.java:544)
at org.openqa.selenium.remote.RemoteWebElement.execute(RemoteWebElement.java:223)
at org.openqa.selenium.remote.RemoteWebElement.click(RemoteWebElement.java:76)
at FO.Guest_inhouse.test_edit_rate_routing_post_bar_and_split_TC_GIH_03(Guest_inhouse.java:572)
at java.base/java.util.ArrayList.forEach(ArrayList.java:1596)
... Removed 28 stack frames]]>
    </failure>
  </testcase> <!-- test_edit_rate_routing_post_bar_and_split_TC_GIH_03 -->
  <testcase classname="FO.Guest_inhouse" name="test_modify_other_tab_fields_TC_GIH_04" time="35.91"/>
  <testcase classname="FO.Guest_inhouse" name="test_view_inhouse_log_TC_GIH_05" time="34.64">
    <failure type="org.openqa.selenium.NoSuchElementException" message="no such element: Unable to locate element: {&amp;quot;method&amp;quot;:&amp;quot;xpath&amp;quot;,&amp;quot;selector&amp;quot;:&amp;quot;(//div[@role=&amp;apos;gridcell&amp;apos; and @aria-rowindex=&amp;apos;2&amp;apos; and @aria-colindex=&amp;apos;5&amp;apos;])[2]&amp;quot;}
  (Session info: chrome=137.0.7151.122)
For documentation on this error, please visit: https://www.selenium.dev/documentation/webdriver/troubleshooting/errors#no-such-element-exception
Build info: version: &amp;apos;4.33.0&amp;apos;, revision: &amp;apos;2c6aaad03a&amp;apos;
System info: os.name: &amp;apos;Windows 10&amp;apos;, os.arch: &amp;apos;amd64&amp;apos;, os.version: &amp;apos;10.0&amp;apos;, java.version: &amp;apos;21.0.7&amp;apos;
Driver info: org.openqa.selenium.chrome.ChromeDriver
Command: [d507b4d90895633e68d041ffdc869790, findElement {value=(//div[@role=&amp;apos;gridcell&amp;apos; and @aria-rowindex=&amp;apos;2&amp;apos; and @aria-colindex=&amp;apos;5&amp;apos;])[2], using=xpath}]
Capabilities {acceptInsecureCerts: false, browserName: chrome, browserVersion: 137.0.7151.122, chrome: {chromedriverVersion: 137.0.7151.68 (2989ffee9373..., userDataDir: C:\Users\Jeeva\AppData\Loca...}, fedcm:accounts: true, goog:chromeOptions: {debuggerAddress: localhost:51223}, networkConnectionEnabled: false, pageLoadStrategy: normal, platformName: windows, proxy: Proxy(), se:cdp: ws://localhost:51223/devtoo..., se:cdpVersion: 137.0.7151.122, setWindowRect: true, strictFileInteractability: false, timeouts: {implicit: 0, pageLoad: 300000, script: 30000}, unhandledPromptBehavior: dismiss and notify, webauthn:extension:credBlob: true, webauthn:extension:largeBlob: true, webauthn:extension:minPinLength: true, webauthn:extension:prf: true, webauthn:virtualAuthenticators: true}
Session ID: d507b4d90895633e68d041ffdc869790">
      <![CDATA[org.openqa.selenium.NoSuchElementException: no such element: Unable to locate element: {"method":"xpath","selector":"(//div[@role='gridcell' and @aria-rowindex='2' and @aria-colindex='5'])[2]"}
  (Session info: chrome=137.0.7151.122)
For documentation on this error, please visit: https://www.selenium.dev/documentation/webdriver/troubleshooting/errors#no-such-element-exception
Build info: version: '4.33.0', revision: '2c6aaad03a'
System info: os.name: 'Windows 10', os.arch: 'amd64', os.version: '10.0', java.version: '21.0.7'
Driver info: org.openqa.selenium.chrome.ChromeDriver
Command: [d507b4d90895633e68d041ffdc869790, findElement {value=(//div[@role='gridcell' and @aria-rowindex='2' and @aria-colindex='5'])[2], using=xpath}]
Capabilities {acceptInsecureCerts: false, browserName: chrome, browserVersion: 137.0.7151.122, chrome: {chromedriverVersion: 137.0.7151.68 (2989ffee9373..., userDataDir: C:\Users\Jeeva\AppData\Loca...}, fedcm:accounts: true, goog:chromeOptions: {debuggerAddress: localhost:51223}, networkConnectionEnabled: false, pageLoadStrategy: normal, platformName: windows, proxy: Proxy(), se:cdp: ws://localhost:51223/devtoo..., se:cdpVersion: 137.0.7151.122, setWindowRect: true, strictFileInteractability: false, timeouts: {implicit: 0, pageLoad: 300000, script: 30000}, unhandledPromptBehavior: dismiss and notify, webauthn:extension:credBlob: true, webauthn:extension:largeBlob: true, webauthn:extension:minPinLength: true, webauthn:extension:prf: true, webauthn:virtualAuthenticators: true}
Session ID: d507b4d90895633e68d041ffdc869790
at org.openqa.selenium.remote.ErrorCodec.decode(ErrorCodec.java:167)
at org.openqa.selenium.remote.codec.w3c.W3CHttpResponseCodec.decode(W3CHttpResponseCodec.java:138)
at org.openqa.selenium.remote.codec.w3c.W3CHttpResponseCodec.decode(W3CHttpResponseCodec.java:50)
at org.openqa.selenium.remote.HttpCommandExecutor.execute(HttpCommandExecutor.java:215)
at org.openqa.selenium.remote.service.DriverCommandExecutor.invokeExecute(DriverCommandExecutor.java:216)
at org.openqa.selenium.remote.service.DriverCommandExecutor.execute(DriverCommandExecutor.java:174)
at org.openqa.selenium.remote.RemoteWebDriver.execute(RemoteWebDriver.java:544)
at org.openqa.selenium.remote.ElementLocation$ElementFinder$2.findElement(ElementLocation.java:165)
at org.openqa.selenium.remote.ElementLocation.findElement(ElementLocation.java:59)
at org.openqa.selenium.remote.RemoteWebDriver.findElement(RemoteWebDriver.java:367)
at org.openqa.selenium.remote.RemoteWebDriver.findElement(RemoteWebDriver.java:361)
at FO.Guest_inhouse.test_view_inhouse_log_TC_GIH_05(Guest_inhouse.java:1087)
at java.base/java.util.ArrayList.forEach(ArrayList.java:1596)
... Removed 28 stack frames]]>
    </failure>
  </testcase> <!-- test_view_inhouse_log_TC_GIH_05 -->
  <testcase classname="FO.Guest_complaint_req_msg" name="Test_Sucessfull_Login" time="11.88"/>
  <testcase classname="FO.Guest_complaint_req_msg" name="test_create_new_complaint_for_various_guest_statuses_TC_GCRM_01" time="60.648"/>
  <testcase classname="FO.Guest_complaint_req_msg" name="test_create_new_request_for_various_guest_statuses_TC_GCRM_02" time="55.888"/>
  <testcase classname="FO.Guest_complaint_req_msg" name="test_create_new_message_for_various_guest_statuses_TC_GCRM_03" time="60.783"/>
  <testcase classname="FO.Guest_complaint_req_msg" name="test_modify_complaint_details_open_mode_TC_GCRM_04" time="33.813"/>
  <testcase classname="FO.Guest_complaint_req_msg" name="test_modify_request_details_open_mode_TC_GCRM_05" time="37.555"/>
  <testcase classname="FO.Guest_complaint_req_msg" name="test_modify_message_details_open_mode_TC_GCRM_06" time="41.854"/>
  <testcase classname="FO.Guest_complaint_req_msg" name="test_view_complaint_request_message_details_TC_GCRM_07" time="82.655"/>
  <testcase classname="FO.Guest_complaint_req_msg" name="test_delete_complaint_request_message_view_mode_TC_GCRM_08" time="76.785"/>
  <testcase classname="FO.Guest_complaint_req_msg" name="test_close_complaint_request_message_with_action_note_TC_GCRM_09" time="72.169"/>
  <testcase classname="FO.Guest_complaint_req_msg" name="test_view_reports_from_header_button_TC_GCRM_10" time="34.349"/>
</testsuite> <!-- Login Test Cases -->
