<?xml version="1.0" encoding="UTF-8"?>
<!-- Generated by org.testng.reporters.JUnitXMLReporter -->
<testsuite ignored="0" hostname="WIN-LAP-057" failures="0" tests="6" name="Login Test Cases" time="10.961" errors="0" timestamp="2025-06-13T18:05:25 IST">
  <testcase classname="FO.Login" name="testloginpage" time="0.376"/>
  <testcase classname="FO.Login" name="testnegativelogin" time="0.425"/>
  <testcase classname="FO.Login" name="testnegativepassword" time="2.881"/>
  <testcase classname="FO.Login" name="testnegativeuserid" time="0.571"/>
  <testcase classname="FO.Login" name="testpositivepassword" time="0.878"/>
  <testcase classname="FO.Login" name="testpositiveuserid" time="0.657"/>
</testsuite> <!-- Login Test Cases -->
