<?xml version="1.0" encoding="UTF-8"?>
<!-- Generated by org.testng.reporters.JUnitXMLReporter -->
<testsuite ignored="0" hostname="WIN-LAP-057" failures="0" tests="6" name="Login Test Cases" time="11.961" errors="0" timestamp="2025-06-20T17:57:39 IST">
  <testcase classname="FO.Login" name="testloginpage" time="0.384"/>
  <testcase classname="FO.Login" name="testnegativelogin" time="0.4"/>
  <testcase classname="FO.Login" name="testnegativepassword" time="2.961"/>
  <testcase classname="FO.Login" name="testnegativeuserid" time="0.607"/>
  <testcase classname="FO.Login" name="testpositivepassword" time="0.9"/>
  <testcase classname="FO.Login" name="testpositiveuserid" time="0.749"/>
</testsuite> <!-- Login Test Cases -->
