<?xml version="1.0" encoding="UTF-8"?>
<testng-results ignored="0" total="2" passed="2" failed="0" skipped="0">
  <reporter-output>
  </reporter-output>
  <suite started-at="2025-06-19T11:29:06 IST" name="Default suite" finished-at="2025-06-19T11:31:28 IST" duration-ms="141861">
    <groups>
    </groups>
    <test started-at="2025-06-19T11:29:06 IST" name="Default test" finished-at="2025-06-19T11:31:28 IST" duration-ms="141861">
      <class name="FO.testclass">
        <test-method is-config="true" signature="setup()[pri:0, instance:FO.testclass@385e9564]" started-at="2025-06-19T11:29:06 IST" name="setup" finished-at="2025-06-19T11:29:09 IST" duration-ms="3070" status="PASS">
          <reporter-output>
          </reporter-output>
        </test-method> <!-- setup -->
        <test-method signature="Test_Sucessfull_Login()[pri:0, instance:FO.testclass@385e9564]" started-at="2025-06-19T11:29:09 IST" name="Test_Sucessfull_Login" finished-at="2025-06-19T11:29:18 IST" duration-ms="9169" status="PASS">
          <reporter-output>
          </reporter-output>
        </test-method> <!-- Test_Sucessfull_Login -->
        <test-method signature="test_ledger_transactions_modify_open_mode_TC_RS_12()[pri:12, instance:FO.testclass@385e9564]" started-at="2025-06-19T11:29:18 IST" name="test_ledger_transactions_modify_open_mode_TC_RS_12" finished-at="2025-06-19T11:31:28 IST" depends-on-methods="FO.testclass.Test_Sucessfull_Login" duration-ms="129537" status="PASS">
          <reporter-output>
          </reporter-output>
        </test-method> <!-- test_ledger_transactions_modify_open_mode_TC_RS_12 -->
      </class> <!-- FO.testclass -->
    </test> <!-- Default test -->
  </suite> <!-- Default suite -->
</testng-results>
