<?xml version="1.0" encoding="UTF-8"?>
<testng-results ignored="0" total="2" passed="2" failed="0" skipped="0">
  <reporter-output>
  </reporter-output>
  <suite started-at="2025-06-18T16:31:41 IST" name="Default suite" finished-at="2025-06-18T16:32:46 IST" duration-ms="65272">
    <groups>
    </groups>
    <test started-at="2025-06-18T16:31:41 IST" name="Default test" finished-at="2025-06-18T16:32:46 IST" duration-ms="65272">
      <class name="FO.testclass">
        <test-method is-config="true" signature="setup()[pri:0, instance:FO.testclass@385e9564]" started-at="2025-06-18T16:31:41 IST" name="setup" finished-at="2025-06-18T16:31:44 IST" duration-ms="3116" status="PASS">
          <reporter-output>
          </reporter-output>
        </test-method> <!-- setup -->
        <test-method signature="Test_Sucessfull_Login()[pri:0, instance:FO.testclass@385e9564]" started-at="2025-06-18T16:31:44 IST" name="Test_Sucessfull_Login" finished-at="2025-06-18T16:31:53 IST" duration-ms="8508" status="PASS">
          <reporter-output>
          </reporter-output>
        </test-method> <!-- Test_Sucessfull_Login -->
        <test-method signature="test_open_and_amend_saved_reservation_TC_RS_02()[pri:2, instance:FO.testclass@385e9564]" started-at="2025-06-18T16:31:53 IST" name="test_open_and_amend_saved_reservation_TC_RS_02" finished-at="2025-06-18T16:32:46 IST" depends-on-methods="FO.testclass.Test_Sucessfull_Login" duration-ms="53535" status="PASS">
          <reporter-output>
          </reporter-output>
        </test-method> <!-- test_open_and_amend_saved_reservation_TC_RS_02 -->
      </class> <!-- FO.testclass -->
    </test> <!-- Default test -->
  </suite> <!-- Default suite -->
</testng-results>
